<?xml version="1.0" encoding="UTF-8"?>
<!-- Generated by org.testng.reporters.JUnitXMLReporter -->
<testsuite ignored="1" hostname="YAWAY01-NIVEDHA" failures="0" tests="15" name="Default test" time="251.901" errors="0" timestamp="2026-03-11T10:42:56 IST">
  <testcase classname="com.vellinfotech.tests.VellInfoTechFullWebsiteDeepTest" name="verifyMainPagesDeeply" time="15.389"/>
  <testcase classname="com.vellinfotech.tests.VellInfoTechFullWebsiteDeepTest" name="verifyMainPagesDeeply" time="8.222"/>
  <testcase classname="com.vellinfotech.tests.VellInfoTechFullWebsiteDeepTest" name="verifyMainPagesDeeply" time="11.883"/>
  <testcase classname="com.vellinfotech.tests.VellInfoTechFullWebsiteDeepTest" name="verifyMainPagesDeeply" time="15.821"/>
  <testcase classname="com.vellinfotech.tests.VellInfoTechFullWebsiteDeepTest" name="verifyMainPagesDeeply" time="8.331"/>
  <testcase classname="com.vellinfotech.tests.VellInfoTechFullWebsiteDeepTest" name="verifyMainPagesDeeply" time="8.864"/>
  <testcase classname="com.vellinfotech.tests.VellInfoTechFullWebsiteDeepTest" name="verifyMainPagesDeeply" time="12.78"/>
  <testcase classname="com.vellinfotech.tests.VellInfoTechFullWebsiteDeepTest" name="verifyMainPagesDeeply" time="8.529"/>
  <testcase classname="com.vellinfotech.tests.VellInfoTechFullWebsiteDeepTest" name="verifyCourseDetailPagesDeeply" time="8.348"/>
  <testcase classname="com.vellinfotech.tests.VellInfoTechFullWebsiteDeepTest" name="verifyCourseDetailPagesDeeply" time="9.159"/>
  <testcase classname="com.vellinfotech.tests.VellInfoTechFullWebsiteDeepTest" name="verifyCourseDetailPagesDeeply" time="10.081"/>
  <testcase classname="com.vellinfotech.tests.VellInfoTechFullWebsiteDeepTest" name="verifyContactFormInteraction" time="10.267"/>
  <testcase classname="com.vellinfotech.tests.VellInfoTechFullWebsiteDeepTest" name="verifyCareersApplyFlow" time="3.325"/>
  <testcase classname="com.vellinfotech.tests.VellInfoTechFullWebsiteDeepTest" name="verifyAllFormsThroughoutWebsite" time="63.756"/>
  <testcase classname="com.vellinfotech.tests.VellInfoTechFullWebsiteDeepTest" name="verifyImportantButtonsAndCTAClicks" time="52.177"/>
  <testcase classname="com.vellinfotech.tests.VellInfoTechFullWebsiteDeepTest" name="verifyOptionalLiveFormSubmission" time="0.0">
    <ignored/>
  </testcase> <!-- verifyOptionalLiveFormSubmission -->
</testsuite> <!-- Default test -->
