<?xml version="1.0" encoding="UTF-8"?>
<!-- Generated by org.testng.reporters.JUnitReportReporter -->
<testsuite hostname="YAWAY01-NIVEDHA" failures="0" tests="20" name="com.vellinfotech.test.HomeToAboutPageTest" time="15.032" errors="0" timestamp="2026-03-05T12:59:34 IST" skipped="0">
  <testcase classname="com.vellinfotech.test.HomeToAboutPageTest" name="tc01_HomepageLoadsSuccessfully" time="1.270"/>
  <testcase classname="com.vellinfotech.test.HomeToAboutPageTest" name="tc02_HomepageTitleIsCorrect" time="0.048"/>
  <testcase classname="com.vellinfotech.test.HomeToAboutPageTest" name="tc03_NavigationBarIsVisible" time="0.114"/>
  <testcase classname="com.vellinfotech.test.HomeToAboutPageTest" name="tc04_AboutLinkExistsInNav" time="0.314"/>
  <testcase classname="com.vellinfotech.test.HomeToAboutPageTest" name="tc05_ClickAboutLinkFromHomepage" time="5.226"/>
  <testcase classname="com.vellinfotech.test.HomeToAboutPageTest" name="tc06_URLChangedToAboutPage" time="0.011"/>
  <testcase classname="com.vellinfotech.test.HomeToAboutPageTest" name="tc07_AboutPageHeadingLoaded" time="0.082"/>
  <testcase classname="com.vellinfotech.test.HomeToAboutPageTest" name="tc08_AboutPageBannerVisible" time="0.736"/>
  <testcase classname="com.vellinfotech.test.HomeToAboutPageTest" name="tc09_AboutPageMainHeading" time="0.165"/>
  <testcase classname="com.vellinfotech.test.HomeToAboutPageTest" name="tc10_AboutPageDescriptionText" time="0.097"/>
  <testcase classname="com.vellinfotech.test.HomeToAboutPageTest" name="tc11_WhoWeAreSection" time="1.289"/>
  <testcase classname="com.vellinfotech.test.HomeToAboutPageTest" name="tc12_MissionVisionSection" time="0.083"/>
  <testcase classname="com.vellinfotech.test.HomeToAboutPageTest" name="tc13_TeamSection" time="0.194"/>
  <testcase classname="com.vellinfotech.test.HomeToAboutPageTest" name="tc14_AboutPageImagesLoad" time="2.026"/>
  <testcase classname="com.vellinfotech.test.HomeToAboutPageTest" name="tc15_CTAButtonOnAboutPage" time="0.122"/>
  <testcase classname="com.vellinfotech.test.HomeToAboutPageTest" name="tc16_NavStillVisibleOnAboutPage" time="0.632"/>
  <testcase classname="com.vellinfotech.test.HomeToAboutPageTest" name="tc17_FooterOnAboutPage" time="1.174"/>
  <testcase classname="com.vellinfotech.test.HomeToAboutPageTest" name="tc18_NoBrokenLinksOnAboutPage" time="1.274"/>
  <testcase classname="com.vellinfotech.test.HomeToAboutPageTest" name="tc19_ViewportMetaTagPresent" time="0.084"/>
  <testcase classname="com.vellinfotech.test.HomeToAboutPageTest" name="tc20_AboutPageHasScrollableContent" time="0.091"/>
</testsuite> <!-- com.vellinfotech.test.HomeToAboutPageTest -->
