<?xml version="1.0" encoding="UTF-8"?>
<!-- Generated by org.testng.reporters.JUnitReportReporter -->
<testsuite hostname="YAWAY01-NIVEDHA" failures="1" tests="14" name="com.vellinfotech.tests.ReviewsPageTest" time="30.918" errors="0" timestamp="2026-03-09T17:27:23 IST" skipped="0">
  <testcase classname="com.vellinfotech.tests.ReviewsPageTest" name="tc01_homepageLoads" time="2.128"/>
  <testcase classname="com.vellinfotech.tests.ReviewsPageTest" name="tc02_reviewsNavExists" time="1.397"/>
  <testcase classname="com.vellinfotech.tests.ReviewsPageTest" name="tc03_navigateToReviewsPage" time="3.844"/>
  <testcase classname="com.vellinfotech.tests.ReviewsPageTest" name="tc04_reviewsPageValid" time="1.770"/>
  <testcase classname="com.vellinfotech.tests.ReviewsPageTest" name="tc05_headingsPresent" time="1.644"/>
  <testcase classname="com.vellinfotech.tests.ReviewsPageTest" name="tc06_relatedTextPresent" time="1.663"/>
  <testcase classname="com.vellinfotech.tests.ReviewsPageTest" name="tc07_reviewContentPresent" time="1.600">
    <failure message="No visible review content found. expected [true] but found [false]" type="java.lang.AssertionError">
      <![CDATA[java.lang.AssertionError: No visible review content found. expected [true] but found [false]
at org.testng.Assert.fail(Assert.java:111)
at org.testng.Assert.failNotEquals(Assert.java:1590)
at org.testng.Assert.assertTrue(Assert.java:57)
at com.vellinfotech.tests.ReviewsPageTest.tc07_reviewContentPresent(ReviewsPageTest.java:107)
at java.base/jdk.internal.reflect.DirectMethodHandleAccessor.invoke(DirectMethodHandleAccessor.java:103)
at java.base/java.lang.reflect.Method.invoke(Method.java:580)
at org.testng.internal.invokers.MethodInvocationHelper.invokeMethod(MethodInvocationHelper.java:141)
at org.testng.internal.invokers.TestInvoker.invokeMethod(TestInvoker.java:687)
at org.testng.internal.invokers.TestInvoker.invokeTestMethod(TestInvoker.java:230)
at org.testng.internal.invokers.MethodRunner.runInSequence(MethodRunner.java:63)
at org.testng.internal.invokers.TestInvoker$MethodInvocationAgent.invoke(TestInvoker.java:995)
at org.testng.internal.invokers.TestInvoker.invokeTestMethods(TestInvoker.java:203)
at org.testng.internal.invokers.TestMethodWorker.invokeTestMethods(TestMethodWorker.java:154)
at org.testng.internal.invokers.TestMethodWorker.run(TestMethodWorker.java:134)
at java.base/java.util.ArrayList.forEach(ArrayList.java:1596)
at org.testng.TestRunner.privateRun(TestRunner.java:741)
at org.testng.TestRunner.run(TestRunner.java:616)
at org.testng.SuiteRunner.runTest(SuiteRunner.java:421)
at org.testng.SuiteRunner.runSequentially(SuiteRunner.java:413)
at org.testng.SuiteRunner.privateRun(SuiteRunner.java:373)
at org.testng.SuiteRunner.run(SuiteRunner.java:312)
at org.testng.SuiteRunnerWorker.runSuite(SuiteRunnerWorker.java:52)
at org.testng.SuiteRunnerWorker.run(SuiteRunnerWorker.java:95)
at org.testng.TestNG.runSuitesSequentially(TestNG.java:1274)
at org.testng.TestNG.runSuitesLocally(TestNG.java:1208)
at org.testng.TestNG.runSuites(TestNG.java:1112)
at org.testng.TestNG.run(TestNG.java:1079)
at org.testng.remote.AbstractRemoteTestNG.run(AbstractRemoteTestNG.java:115)
at org.testng.remote.RemoteTestNG.initAndRun(RemoteTestNG.java:293)
at org.testng.remote.RemoteTestNG.main(RemoteTestNG.java:91)
]]>
    </failure>
  </testcase> <!-- tc07_reviewContentPresent -->
  <testcase classname="com.vellinfotech.tests.ReviewsPageTest" name="tc08_ratingsPresent" time="1.561"/>
  <testcase classname="com.vellinfotech.tests.ReviewsPageTest" name="tc09_imagesValid" time="1.568"/>
  <testcase classname="com.vellinfotech.tests.ReviewsPageTest" name="tc10_validLinksPresent" time="2.217"/>
  <testcase classname="com.vellinfotech.tests.ReviewsPageTest" name="tc11_footerVisible" time="2.279"/>
  <testcase classname="com.vellinfotech.tests.ReviewsPageTest" name="tc12_scrollWorks" time="2.202"/>
  <testcase classname="com.vellinfotech.tests.ReviewsPageTest" name="tc13_fullPageAudit" time="5.283"/>
  <testcase classname="com.vellinfotech.tests.ReviewsPageTest" name="tc14_pageLoadTime" time="1.762"/>
</testsuite> <!-- com.vellinfotech.tests.ReviewsPageTest -->
