<?xml version="1.0" encoding="UTF-8"?>
<!-- Generated by org.testng.reporters.JUnitReportReporter -->
<testsuite hostname="YAWAY01-NIVEDHA" failures="0" tests="22" name="com.vellinfotech.tests.HomeToCoursesPageTest" time="29.281" errors="0" timestamp="2026-03-10T12:12:08 IST" skipped="0">
  <testcase classname="com.vellinfotech.tests.HomeToCoursesPageTest" name="tc01_HomepageLoads" time="1.987"/>
  <testcase classname="com.vellinfotech.tests.HomeToCoursesPageTest" name="tc02_CoursesLinkExistsInNav" time="0.894"/>
  <testcase classname="com.vellinfotech.tests.HomeToCoursesPageTest" name="tc03_ClickCoursesLink" time="4.985"/>
  <testcase classname="com.vellinfotech.tests.HomeToCoursesPageTest" name="tc04_CoursesPageURLVerified" time="0.018"/>
  <testcase classname="com.vellinfotech.tests.HomeToCoursesPageTest" name="tc05_CoursesPageTitle" time="0.020"/>
  <testcase classname="com.vellinfotech.tests.HomeToCoursesPageTest" name="tc06_CoursesPageHeading" time="0.260"/>
  <testcase classname="com.vellinfotech.tests.HomeToCoursesPageTest" name="tc07_CoursesPageBanner" time="0.681"/>
  <testcase classname="com.vellinfotech.tests.HomeToCoursesPageTest" name="tc08_NavBarVisibleOnCoursesPage" time="0.468"/>
  <testcase classname="com.vellinfotech.tests.HomeToCoursesPageTest" name="tc09_CourseCardsDisplayed" time="2.467"/>
  <testcase classname="com.vellinfotech.tests.HomeToCoursesPageTest" name="tc10_CourseCardHasTitles" time="0.931"/>
  <testcase classname="com.vellinfotech.tests.HomeToCoursesPageTest" name="tc11_CourseCardImages" time="1.584"/>
  <testcase classname="com.vellinfotech.tests.HomeToCoursesPageTest" name="tc12_CourseCardCTAButtons" time="0.210"/>
  <testcase classname="com.vellinfotech.tests.HomeToCoursesPageTest" name="tc13_CourseCategoriesOrFilters" time="0.211"/>
  <testcase classname="com.vellinfotech.tests.HomeToCoursesPageTest" name="tc14_CourseCount" time="0.037"/>
  <testcase classname="com.vellinfotech.tests.HomeToCoursesPageTest" name="tc15_KnownCoursesVisible" time="0.206"/>
  <testcase classname="com.vellinfotech.tests.HomeToCoursesPageTest" name="tc16_CourseDescriptionText" time="0.121"/>
  <testcase classname="com.vellinfotech.tests.HomeToCoursesPageTest" name="tc17_ScrollThroughFullPage" time="4.061"/>
  <testcase classname="com.vellinfotech.tests.HomeToCoursesPageTest" name="tc18_FooterOnCoursesPage" time="1.084"/>
  <testcase classname="com.vellinfotech.tests.HomeToCoursesPageTest" name="tc19_NoBrokenImagesOnCoursesPage" time="1.990"/>
  <testcase classname="com.vellinfotech.tests.HomeToCoursesPageTest" name="tc20_ClickFirstCourseCard" time="5.116"/>
  <testcase classname="com.vellinfotech.tests.HomeToCoursesPageTest" name="tc21_NavigateBackToCoursesPage" time="1.119"/>
  <testcase classname="com.vellinfotech.tests.HomeToCoursesPageTest" name="tc22_AllLinksHaveValidHref" time="0.831"/>
</testsuite> <!-- com.vellinfotech.tests.HomeToCoursesPageTest -->
