<?xml version="1.0" encoding="UTF-8"?>
<!-- Generated by org.testng.reporters.JUnitReportReporter -->
<testsuite hostname="YAWAY01-NIVEDHA" failures="2" tests="15" name="com.vellinfotech.tests.BlogPageTest" time="39.610" errors="0" timestamp="2026-03-09T17:15:24 IST" skipped="0">
  <testcase classname="com.vellinfotech.tests.BlogPageTest" name="tc01_homepageLoads" time="1.961"/>
  <testcase classname="com.vellinfotech.tests.BlogPageTest" name="tc02_blogNavExists" time="1.537"/>
  <testcase classname="com.vellinfotech.tests.BlogPageTest" name="tc03_navigateToBlogPage" time="2.594"/>
  <testcase classname="com.vellinfotech.tests.BlogPageTest" name="tc04_blogPageValid" time="2.222"/>
  <testcase classname="com.vellinfotech.tests.BlogPageTest" name="tc05_headingsPresent" time="2.398"/>
  <testcase classname="com.vellinfotech.tests.BlogPageTest" name="tc06_relatedTextPresent" time="2.749"/>
  <testcase classname="com.vellinfotech.tests.BlogPageTest" name="tc07_blogContentPresent" time="2.597">
    <failure message="No visible blog content found. expected [true] but found [false]" type="java.lang.AssertionError">
      <![CDATA[java.lang.AssertionError: No visible blog content found. expected [true] but found [false]
at org.testng.Assert.fail(Assert.java:111)
at org.testng.Assert.failNotEquals(Assert.java:1590)
at org.testng.Assert.assertTrue(Assert.java:57)
at com.vellinfotech.tests.BlogPageTest.tc07_blogContentPresent(BlogPageTest.java:107)
at java.base/jdk.internal.reflect.DirectMethodHandleAccessor.invoke(DirectMethodHandleAccessor.java:103)
at java.base/java.lang.reflect.Method.invoke(Method.java:580)
at org.testng.internal.invokers.MethodInvocationHelper.invokeMethod(MethodInvocationHelper.java:141)
at org.testng.internal.invokers.TestInvoker.invokeMethod(TestInvoker.java:687)
at org.testng.internal.invokers.TestInvoker.invokeTestMethod(TestInvoker.java:230)
at org.testng.internal.invokers.MethodRunner.runInSequence(MethodRunner.java:63)
at org.testng.internal.invokers.TestInvoker$MethodInvocationAgent.invoke(TestInvoker.java:995)
at org.testng.internal.invokers.TestInvoker.invokeTestMethods(TestInvoker.java:203)
at org.testng.internal.invokers.TestMethodWorker.invokeTestMethods(TestMethodWorker.java:154)
at org.testng.internal.invokers.TestMethodWorker.run(TestMethodWorker.java:134)
at java.base/java.util.ArrayList.forEach(ArrayList.java:1596)
at org.testng.TestRunner.privateRun(TestRunner.java:741)
at org.testng.TestRunner.run(TestRunner.java:616)
at org.testng.SuiteRunner.runTest(SuiteRunner.java:421)
at org.testng.SuiteRunner.runSequentially(SuiteRunner.java:413)
at org.testng.SuiteRunner.privateRun(SuiteRunner.java:373)
at org.testng.SuiteRunner.run(SuiteRunner.java:312)
at org.testng.SuiteRunnerWorker.runSuite(SuiteRunnerWorker.java:52)
at org.testng.SuiteRunnerWorker.run(SuiteRunnerWorker.java:95)
at org.testng.TestNG.runSuitesSequentially(TestNG.java:1274)
at org.testng.TestNG.runSuitesLocally(TestNG.java:1208)
at org.testng.TestNG.runSuites(TestNG.java:1112)
at org.testng.TestNG.run(TestNG.java:1079)
at org.testng.remote.AbstractRemoteTestNG.run(AbstractRemoteTestNG.java:115)
at org.testng.remote.RemoteTestNG.initAndRun(RemoteTestNG.java:293)
at org.testng.remote.RemoteTestNG.main(RemoteTestNG.java:91)
]]>
    </failure>
  </testcase> <!-- tc07_blogContentPresent -->
  <testcase classname="com.vellinfotech.tests.BlogPageTest" name="tc08_blogDatesAudit" time="1.935"/>
  <testcase classname="com.vellinfotech.tests.BlogPageTest" name="tc09_firstBlogLinkNavigation" time="3.219">
    <failure message="Blog link click did not navigate. did not expect [https://www.vellinfotech.com/blog] but found [https://www.vellinfotech.com/blog]" type="java.lang.AssertionError">
      <![CDATA[java.lang.AssertionError: Blog link click did not navigate. did not expect [https://www.vellinfotech.com/blog] but found [https://www.vellinfotech.com/blog]
at org.testng.Assert.fail(Assert.java:111)
at org.testng.Assert.failEquals(Assert.java:1594)
at org.testng.Assert.assertNotEqualsImpl(Assert.java:157)
at org.testng.Assert.assertNotEquals(Assert.java:2217)
at com.vellinfotech.tests.BlogPageTest.tc09_firstBlogLinkNavigation(BlogPageTest.java:138)
at java.base/jdk.internal.reflect.DirectMethodHandleAccessor.invoke(DirectMethodHandleAccessor.java:103)
at java.base/java.lang.reflect.Method.invoke(Method.java:580)
at org.testng.internal.invokers.MethodInvocationHelper.invokeMethod(MethodInvocationHelper.java:141)
at org.testng.internal.invokers.TestInvoker.invokeMethod(TestInvoker.java:687)
at org.testng.internal.invokers.TestInvoker.invokeTestMethod(TestInvoker.java:230)
at org.testng.internal.invokers.MethodRunner.runInSequence(MethodRunner.java:63)
at org.testng.internal.invokers.TestInvoker$MethodInvocationAgent.invoke(TestInvoker.java:995)
at org.testng.internal.invokers.TestInvoker.invokeTestMethods(TestInvoker.java:203)
at org.testng.internal.invokers.TestMethodWorker.invokeTestMethods(TestMethodWorker.java:154)
at org.testng.internal.invokers.TestMethodWorker.run(TestMethodWorker.java:134)
at java.base/java.util.ArrayList.forEach(ArrayList.java:1596)
at org.testng.TestRunner.privateRun(TestRunner.java:741)
at org.testng.TestRunner.run(TestRunner.java:616)
at org.testng.SuiteRunner.runTest(SuiteRunner.java:421)
at org.testng.SuiteRunner.runSequentially(SuiteRunner.java:413)
at org.testng.SuiteRunner.privateRun(SuiteRunner.java:373)
at org.testng.SuiteRunner.run(SuiteRunner.java:312)
at org.testng.SuiteRunnerWorker.runSuite(SuiteRunnerWorker.java:52)
at org.testng.SuiteRunnerWorker.run(SuiteRunnerWorker.java:95)
at org.testng.TestNG.runSuitesSequentially(TestNG.java:1274)
at org.testng.TestNG.runSuitesLocally(TestNG.java:1208)
at org.testng.TestNG.runSuites(TestNG.java:1112)
at org.testng.TestNG.run(TestNG.java:1079)
at org.testng.remote.AbstractRemoteTestNG.run(AbstractRemoteTestNG.java:115)
at org.testng.remote.RemoteTestNG.initAndRun(RemoteTestNG.java:293)
at org.testng.remote.RemoteTestNG.main(RemoteTestNG.java:91)
]]>
    </failure>
  </testcase> <!-- tc09_firstBlogLinkNavigation -->
  <testcase classname="com.vellinfotech.tests.BlogPageTest" name="tc10_imagesValid" time="2.571"/>
  <testcase classname="com.vellinfotech.tests.BlogPageTest" name="tc11_validLinksPresent" time="3.955"/>
  <testcase classname="com.vellinfotech.tests.BlogPageTest" name="tc12_footerVisible" time="3.039"/>
  <testcase classname="com.vellinfotech.tests.BlogPageTest" name="tc13_scrollWorks" time="2.959"/>
  <testcase classname="com.vellinfotech.tests.BlogPageTest" name="tc14_fullPageAudit" time="3.886"/>
  <testcase classname="com.vellinfotech.tests.BlogPageTest" name="tc15_pageLoadTime" time="1.988"/>
</testsuite> <!-- com.vellinfotech.tests.BlogPageTest -->
