<?xml version="1.0" encoding="UTF-8"?>
<!-- Generated by org.testng.reporters.JUnitReportReporter -->
<testsuite hostname="YAWAY01-NIVEDHA" failures="0" tests="2" name="com.vellinfotech.tests.HeaderNavigationTest" time="4.680" errors="0" timestamp="2026-03-11T10:07:36 IST" skipped="0">
  <testcase classname="com.vellinfotech.tests.HeaderNavigationTest" name="tc01_headerLinksVisible" time="3.677"/>
  <testcase classname="com.vellinfotech.tests.HeaderNavigationTest" name="tc02_importantHeaderLinksExist" time="1.003"/>
</testsuite> <!-- com.vellinfotech.tests.HeaderNavigationTest -->
