<?xml version="1.0" encoding="UTF-8"?>
<!-- Generated by org.testng.reporters.JUnitReportReporter -->
<testsuite hostname="YAWAY01-NIVEDHA" failures="2" tests="22" name="com.vellinfotech.test.HomeToCareerPageTest" time="29.855" errors="0" timestamp="2026-03-06T11:12:00 IST" skipped="0">
  <testcase classname="com.vellinfotech.test.HomeToCareerPageTest" name="tc01_HomepageLoads" time="1.719"/>
  <testcase classname="com.vellinfotech.test.HomeToCareerPageTest" name="tc02_CareersLinkInNav" time="1.101"/>
  <testcase classname="com.vellinfotech.test.HomeToCareerPageTest" name="tc03_ClickCareersLink" time="4.566"/>
  <testcase classname="com.vellinfotech.test.HomeToCareerPageTest" name="tc04_CareersURLVerified" time="0.034"/>
  <testcase classname="com.vellinfotech.test.HomeToCareerPageTest" name="tc05_CareersPageTitle" time="0.036"/>
  <testcase classname="com.vellinfotech.test.HomeToCareerPageTest" name="tc06_CareersPageHeading" time="0.240"/>
  <testcase classname="com.vellinfotech.test.HomeToCareerPageTest" name="tc07_CareersPageBanner" time="0.848"/>
  <testcase classname="com.vellinfotech.test.HomeToCareerPageTest" name="tc08_NavBarVisible" time="0.538"/>
  <testcase classname="com.vellinfotech.test.HomeToCareerPageTest" name="tc09_PageBodyHasContent" time="0.179"/>
  <testcase classname="com.vellinfotech.test.HomeToCareerPageTest" name="tc10_JobListingsSection" time="1.611"/>
  <testcase classname="com.vellinfotech.test.HomeToCareerPageTest" name="tc11_JobListingTitles" time="1.018"/>
  <testcase classname="com.vellinfotech.test.HomeToCareerPageTest" name="tc12_JobDescriptionText" time="1.648"/>
  <testcase classname="com.vellinfotech.test.HomeToCareerPageTest" name="tc13_ApplyButtonPresent" time="4.318"/>
  <testcase classname="com.vellinfotech.test.HomeToCareerPageTest" name="tc14_ApplicationFormPresent" time="0.768">
    <failure message="FAIL TC-14: No application form found on Careers page." type="java.lang.AssertionError">
      <![CDATA[java.lang.AssertionError: FAIL TC-14: No application form found on Careers page.
at org.testng.Assert.fail(Assert.java:111)
at com.vellinfotech.test.HomeToCareerPageTest.tc14_ApplicationFormPresent(HomeToCareerPageTest.java:808)
at java.base/jdk.internal.reflect.DirectMethodHandleAccessor.invoke(DirectMethodHandleAccessor.java:103)
at java.base/java.lang.reflect.Method.invoke(Method.java:580)
at org.testng.internal.invokers.MethodInvocationHelper.invokeMethod(MethodInvocationHelper.java:141)
at org.testng.internal.invokers.TestInvoker.invokeMethod(TestInvoker.java:687)
at org.testng.internal.invokers.TestInvoker.invokeTestMethod(TestInvoker.java:230)
at org.testng.internal.invokers.MethodRunner.runInSequence(MethodRunner.java:63)
at org.testng.internal.invokers.TestInvoker$MethodInvocationAgent.invoke(TestInvoker.java:995)
at org.testng.internal.invokers.TestInvoker.invokeTestMethods(TestInvoker.java:203)
at org.testng.internal.invokers.TestMethodWorker.invokeTestMethods(TestMethodWorker.java:154)
at org.testng.internal.invokers.TestMethodWorker.run(TestMethodWorker.java:134)
at java.base/java.util.ArrayList.forEach(ArrayList.java:1596)
at org.testng.TestRunner.privateRun(TestRunner.java:741)
at org.testng.TestRunner.run(TestRunner.java:616)
at org.testng.SuiteRunner.runTest(SuiteRunner.java:421)
at org.testng.SuiteRunner.runSequentially(SuiteRunner.java:413)
at org.testng.SuiteRunner.privateRun(SuiteRunner.java:373)
at org.testng.SuiteRunner.run(SuiteRunner.java:312)
at org.testng.SuiteRunnerWorker.runSuite(SuiteRunnerWorker.java:52)
at org.testng.SuiteRunnerWorker.run(SuiteRunnerWorker.java:95)
at org.testng.TestNG.runSuitesSequentially(TestNG.java:1274)
at org.testng.TestNG.runSuitesLocally(TestNG.java:1208)
at org.testng.TestNG.runSuites(TestNG.java:1112)
at org.testng.TestNG.run(TestNG.java:1079)
at org.testng.remote.AbstractRemoteTestNG.run(AbstractRemoteTestNG.java:115)
at org.testng.remote.RemoteTestNG.initAndRun(RemoteTestNG.java:293)
at org.testng.remote.RemoteTestNG.main(RemoteTestNG.java:91)
]]>
    </failure>
  </testcase> <!-- tc14_ApplicationFormPresent -->
  <testcase classname="com.vellinfotech.test.HomeToCareerPageTest" name="tc15_CareersContactInfo" time="0.601"/>
  <testcase classname="com.vellinfotech.test.HomeToCareerPageTest" name="tc16_CultureSection" time="0.258">
    <failure message="FAIL TC-16: No &#039;Why Join Us&#039; or culture section found on Careers page." type="java.lang.AssertionError">
      <![CDATA[java.lang.AssertionError: FAIL TC-16: No 'Why Join Us' or culture section found on Careers page.
at org.testng.Assert.fail(Assert.java:111)
at com.vellinfotech.test.HomeToCareerPageTest.tc16_CultureSection(HomeToCareerPageTest.java:902)
at java.base/jdk.internal.reflect.DirectMethodHandleAccessor.invoke(DirectMethodHandleAccessor.java:103)
at java.base/java.lang.reflect.Method.invoke(Method.java:580)
at org.testng.internal.invokers.MethodInvocationHelper.invokeMethod(MethodInvocationHelper.java:141)
at org.testng.internal.invokers.TestInvoker.invokeMethod(TestInvoker.java:687)
at org.testng.internal.invokers.TestInvoker.invokeTestMethod(TestInvoker.java:230)
at org.testng.internal.invokers.MethodRunner.runInSequence(MethodRunner.java:63)
at org.testng.internal.invokers.TestInvoker$MethodInvocationAgent.invoke(TestInvoker.java:995)
at org.testng.internal.invokers.TestInvoker.invokeTestMethods(TestInvoker.java:203)
at org.testng.internal.invokers.TestMethodWorker.invokeTestMethods(TestMethodWorker.java:154)
at org.testng.internal.invokers.TestMethodWorker.run(TestMethodWorker.java:134)
at java.base/java.util.ArrayList.forEach(ArrayList.java:1596)
at org.testng.TestRunner.privateRun(TestRunner.java:741)
at org.testng.TestRunner.run(TestRunner.java:616)
at org.testng.SuiteRunner.runTest(SuiteRunner.java:421)
at org.testng.SuiteRunner.runSequentially(SuiteRunner.java:413)
at org.testng.SuiteRunner.privateRun(SuiteRunner.java:373)
at org.testng.SuiteRunner.run(SuiteRunner.java:312)
at org.testng.SuiteRunnerWorker.runSuite(SuiteRunnerWorker.java:52)
at org.testng.SuiteRunnerWorker.run(SuiteRunnerWorker.java:95)
at org.testng.TestNG.runSuitesSequentially(TestNG.java:1274)
at org.testng.TestNG.runSuitesLocally(TestNG.java:1208)
at org.testng.TestNG.runSuites(TestNG.java:1112)
at org.testng.TestNG.run(TestNG.java:1079)
at org.testng.remote.AbstractRemoteTestNG.run(AbstractRemoteTestNG.java:115)
at org.testng.remote.RemoteTestNG.initAndRun(RemoteTestNG.java:293)
at org.testng.remote.RemoteTestNG.main(RemoteTestNG.java:91)
]]>
    </failure>
  </testcase> <!-- tc16_CultureSection -->
  <testcase classname="com.vellinfotech.test.HomeToCareerPageTest" name="tc17_NoBrokenImages" time="1.615"/>
  <testcase classname="com.vellinfotech.test.HomeToCareerPageTest" name="tc18_AllLinksValid" time="3.005"/>
  <testcase classname="com.vellinfotech.test.HomeToCareerPageTest" name="tc19_ScrollThroughPage" time="4.040"/>
  <testcase classname="com.vellinfotech.test.HomeToCareerPageTest" name="tc20_FooterPresent" time="0.947"/>
  <testcase classname="com.vellinfotech.test.HomeToCareerPageTest" name="tc21_ViewportMetaTag" time="0.066"/>
  <testcase classname="com.vellinfotech.test.HomeToCareerPageTest" name="tc22_PageLoadTime" time="0.699"/>
</testsuite> <!-- com.vellinfotech.test.HomeToCareerPageTest -->
