<?xml version="1.0" encoding="UTF-8"?>
<!-- Generated by org.testng.reporters.JUnitReportReporter -->
<testsuite hostname="YAWAY01-NIVEDHA" failures="0" tests="13" name="com.vellinfotech.tests.WebsiteNavigationSmokeTest" time="94.226" errors="0" timestamp="2026-03-11T10:09:43 IST" skipped="0">
  <testcase classname="com.vellinfotech.tests.WebsiteNavigationSmokeTest" name="tc01_verifyHomePage" time="2.513"/>
  <testcase classname="com.vellinfotech.tests.WebsiteNavigationSmokeTest" name="tc02_verifyAboutPage" time="5.849"/>
  <testcase classname="com.vellinfotech.tests.WebsiteNavigationSmokeTest" name="tc03_verifyCoursesPage" time="7.661"/>
  <testcase classname="com.vellinfotech.tests.WebsiteNavigationSmokeTest" name="tc04_verifyClientsPage" time="6.431"/>
  <testcase classname="com.vellinfotech.tests.WebsiteNavigationSmokeTest" name="tc05_verifyContactPage" time="6.726"/>
  <testcase classname="com.vellinfotech.tests.WebsiteNavigationSmokeTest" name="tc06_verifyCareersPage" time="6.088"/>
  <testcase classname="com.vellinfotech.tests.WebsiteNavigationSmokeTest" name="tc07_verifyBlogPage" time="6.128"/>
  <testcase classname="com.vellinfotech.tests.WebsiteNavigationSmokeTest" name="tc08_verifyInternshipPage" time="6.370"/>
  <testcase classname="com.vellinfotech.tests.WebsiteNavigationSmokeTest" name="tc09_verifyPlacedStudentsPage" time="5.851"/>
  <testcase classname="com.vellinfotech.tests.WebsiteNavigationSmokeTest" name="tc10_verifyReviewsPage" time="6.189"/>
  <testcase classname="com.vellinfotech.tests.WebsiteNavigationSmokeTest" name="tc11_verifyHeaderLinksVisible" time="3.336"/>
  <testcase classname="com.vellinfotech.tests.WebsiteNavigationSmokeTest" name="tc12_verifyFooterPresence" time="26.668"/>
  <testcase classname="com.vellinfotech.tests.WebsiteNavigationSmokeTest" name="tc13_verifyAllHomePageLinksHaveHref" time="4.416"/>
</testsuite> <!-- com.vellinfotech.tests.WebsiteNavigationSmokeTest -->
