<?xml version="1.0" encoding="UTF-8"?>
<!-- Generated by org.testng.reporters.JUnitReportReporter -->
<testsuite hostname="YAWAY01-NIVEDHA" failures="1" tests="13" name="com.vellinfotech.tests.PlacedStudentsPageTest" time="37.384" errors="0" timestamp="2026-03-09T16:32:34 IST" skipped="0">
  <testcase classname="com.vellinfotech.tests.PlacedStudentsPageTest" name="tc01_homepageLoads" time="2.678"/>
  <testcase classname="com.vellinfotech.tests.PlacedStudentsPageTest" name="tc02_placedStudentsNavExists" time="1.747"/>
  <testcase classname="com.vellinfotech.tests.PlacedStudentsPageTest" name="tc03_navigateToPlacedStudentsPage" time="2.495"/>
  <testcase classname="com.vellinfotech.tests.PlacedStudentsPageTest" name="tc04_pageValid" time="2.468"/>
  <testcase classname="com.vellinfotech.tests.PlacedStudentsPageTest" name="tc05_headingsPresent" time="2.938"/>
  <testcase classname="com.vellinfotech.tests.PlacedStudentsPageTest" name="tc06_relatedTextPresent" time="2.309"/>
  <testcase classname="com.vellinfotech.tests.PlacedStudentsPageTest" name="tc07_listContentPresent" time="2.322">
    <failure message="No list content found as table rows or cards. expected [true] but found [false]" type="java.lang.AssertionError">
      <![CDATA[java.lang.AssertionError: No list content found as table rows or cards. expected [true] but found [false]
at org.testng.Assert.fail(Assert.java:111)
at org.testng.Assert.failNotEquals(Assert.java:1590)
at org.testng.Assert.assertTrue(Assert.java:57)
at com.vellinfotech.tests.PlacedStudentsPageTest.tc07_listContentPresent(PlacedStudentsPageTest.java:112)
at java.base/jdk.internal.reflect.DirectMethodHandleAccessor.invoke(DirectMethodHandleAccessor.java:103)
at java.base/java.lang.reflect.Method.invoke(Method.java:580)
at org.testng.internal.invokers.MethodInvocationHelper.invokeMethod(MethodInvocationHelper.java:141)
at org.testng.internal.invokers.TestInvoker.invokeMethod(TestInvoker.java:687)
at org.testng.internal.invokers.TestInvoker.invokeTestMethod(TestInvoker.java:230)
at org.testng.internal.invokers.MethodRunner.runInSequence(MethodRunner.java:63)
at org.testng.internal.invokers.TestInvoker$MethodInvocationAgent.invoke(TestInvoker.java:995)
at org.testng.internal.invokers.TestInvoker.invokeTestMethods(TestInvoker.java:203)
at org.testng.internal.invokers.TestMethodWorker.invokeTestMethods(TestMethodWorker.java:154)
at org.testng.internal.invokers.TestMethodWorker.run(TestMethodWorker.java:134)
at java.base/java.util.ArrayList.forEach(ArrayList.java:1596)
at org.testng.TestRunner.privateRun(TestRunner.java:741)
at org.testng.TestRunner.run(TestRunner.java:616)
at org.testng.SuiteRunner.runTest(SuiteRunner.java:421)
at org.testng.SuiteRunner.runSequentially(SuiteRunner.java:413)
at org.testng.SuiteRunner.privateRun(SuiteRunner.java:373)
at org.testng.SuiteRunner.run(SuiteRunner.java:312)
at org.testng.SuiteRunnerWorker.runSuite(SuiteRunnerWorker.java:52)
at org.testng.SuiteRunnerWorker.run(SuiteRunnerWorker.java:95)
at org.testng.TestNG.runSuitesSequentially(TestNG.java:1274)
at org.testng.TestNG.runSuitesLocally(TestNG.java:1208)
at org.testng.TestNG.runSuites(TestNG.java:1112)
at org.testng.TestNG.run(TestNG.java:1079)
at org.testng.remote.AbstractRemoteTestNG.run(AbstractRemoteTestNG.java:115)
at org.testng.remote.RemoteTestNG.initAndRun(RemoteTestNG.java:293)
at org.testng.remote.RemoteTestNG.main(RemoteTestNG.java:91)
]]>
    </failure>
  </testcase> <!-- tc07_listContentPresent -->
  <testcase classname="com.vellinfotech.tests.PlacedStudentsPageTest" name="tc08_imagesValid" time="2.565"/>
  <testcase classname="com.vellinfotech.tests.PlacedStudentsPageTest" name="tc09_validLinksPresent" time="3.316"/>
  <testcase classname="com.vellinfotech.tests.PlacedStudentsPageTest" name="tc10_footerVisible" time="2.958"/>
  <testcase classname="com.vellinfotech.tests.PlacedStudentsPageTest" name="tc11_scrollWorks" time="3.042"/>
  <testcase classname="com.vellinfotech.tests.PlacedStudentsPageTest" name="tc12_fullPageAudit" time="5.819"/>
  <testcase classname="com.vellinfotech.tests.PlacedStudentsPageTest" name="tc13_pageLoadTime" time="2.727"/>
</testsuite> <!-- com.vellinfotech.tests.PlacedStudentsPageTest -->
