<?xml version="1.0" encoding="UTF-8"?>
<!-- Generated by org.testng.reporters.JUnitReportReporter -->
<testsuite hostname="YAWAY01-NIVEDHA" failures="4" tests="30" name="com.vellinfotech.test.CareersPageFullFormTest" time="39.841" errors="0" timestamp="2026-03-06T12:03:26 IST" skipped="0">
  <testcase classname="com.vellinfotech.test.CareersPageFullFormTest" name="tc01_HomepageLoads" time="1.803"/>
  <testcase classname="com.vellinfotech.test.CareersPageFullFormTest" name="tc02_CareersLinkInNav" time="1.360"/>
  <testcase classname="com.vellinfotech.test.CareersPageFullFormTest" name="tc03_NavigateToCareers" time="3.745"/>
  <testcase classname="com.vellinfotech.test.CareersPageFullFormTest" name="tc04_URLVerified" time="0.038"/>
  <testcase classname="com.vellinfotech.test.CareersPageFullFormTest" name="tc05_PageTitle" time="0.049"/>
  <testcase classname="com.vellinfotech.test.CareersPageFullFormTest" name="tc06_PageHeadings" time="0.504"/>
  <testcase classname="com.vellinfotech.test.CareersPageFullFormTest" name="tc07_BannerSection" time="0.686"/>
  <testcase classname="com.vellinfotech.test.CareersPageFullFormTest" name="tc08_NavBarVisible" time="0.392"/>
  <testcase classname="com.vellinfotech.test.CareersPageFullFormTest" name="tc09_BodyContent" time="0.220"/>
  <testcase classname="com.vellinfotech.test.CareersPageFullFormTest" name="tc10_JobListings" time="0.981"/>
  <testcase classname="com.vellinfotech.test.CareersPageFullFormTest" name="tc11_WhyJoinUs" time="0.154"/>
  <testcase classname="com.vellinfotech.test.CareersPageFullFormTest" name="tc12_ContactInfo" time="0.778"/>
  <testcase classname="com.vellinfotech.test.CareersPageFullFormTest" name="tc13_ApplyCTA" time="2.600">
    <failure message="FAIL [TC-13]: No Apply/Submit button found" type="java.lang.AssertionError">
      <![CDATA[java.lang.AssertionError: FAIL [TC-13]: No Apply/Submit button found
at org.testng.Assert.fail(Assert.java:111)
at com.vellinfotech.test.CareersPageFullFormTest.fail(CareersPageFullFormTest.java:1161)
at com.vellinfotech.test.CareersPageFullFormTest.tc13_ApplyCTA(CareersPageFullFormTest.java:373)
at java.base/jdk.internal.reflect.DirectMethodHandleAccessor.invoke(DirectMethodHandleAccessor.java:103)
at java.base/java.lang.reflect.Method.invoke(Method.java:580)
at org.testng.internal.invokers.MethodInvocationHelper.invokeMethod(MethodInvocationHelper.java:141)
at org.testng.internal.invokers.TestInvoker.invokeMethod(TestInvoker.java:687)
at org.testng.internal.invokers.TestInvoker.invokeTestMethod(TestInvoker.java:230)
at org.testng.internal.invokers.MethodRunner.runInSequence(MethodRunner.java:63)
at org.testng.internal.invokers.TestInvoker$MethodInvocationAgent.invoke(TestInvoker.java:995)
at org.testng.internal.invokers.TestInvoker.invokeTestMethods(TestInvoker.java:203)
at org.testng.internal.invokers.TestMethodWorker.invokeTestMethods(TestMethodWorker.java:154)
at org.testng.internal.invokers.TestMethodWorker.run(TestMethodWorker.java:134)
at java.base/java.util.ArrayList.forEach(ArrayList.java:1596)
at org.testng.TestRunner.privateRun(TestRunner.java:741)
at org.testng.TestRunner.run(TestRunner.java:616)
at org.testng.SuiteRunner.runTest(SuiteRunner.java:421)
at org.testng.SuiteRunner.runSequentially(SuiteRunner.java:413)
at org.testng.SuiteRunner.privateRun(SuiteRunner.java:373)
at org.testng.SuiteRunner.run(SuiteRunner.java:312)
at org.testng.SuiteRunnerWorker.runSuite(SuiteRunnerWorker.java:52)
at org.testng.SuiteRunnerWorker.run(SuiteRunnerWorker.java:95)
at org.testng.TestNG.runSuitesSequentially(TestNG.java:1274)
at org.testng.TestNG.runSuitesLocally(TestNG.java:1208)
at org.testng.TestNG.runSuites(TestNG.java:1112)
at org.testng.TestNG.run(TestNG.java:1079)
at org.testng.remote.AbstractRemoteTestNG.run(AbstractRemoteTestNG.java:115)
at org.testng.remote.RemoteTestNG.initAndRun(RemoteTestNG.java:293)
at org.testng.remote.RemoteTestNG.main(RemoteTestNG.java:91)
]]>
    </failure>
  </testcase> <!-- tc13_ApplyCTA -->
  <testcase classname="com.vellinfotech.test.CareersPageFullFormTest" name="tc14_FormExists" time="0.836">
    <failure message="FAIL [TC-14]: No application form found" type="java.lang.AssertionError">
      <![CDATA[java.lang.AssertionError: FAIL [TC-14]: No application form found
at org.testng.Assert.fail(Assert.java:111)
at com.vellinfotech.test.CareersPageFullFormTest.fail(CareersPageFullFormTest.java:1161)
at com.vellinfotech.test.CareersPageFullFormTest.tc14_FormExists(CareersPageFullFormTest.java:414)
at java.base/jdk.internal.reflect.DirectMethodHandleAccessor.invoke(DirectMethodHandleAccessor.java:103)
at java.base/java.lang.reflect.Method.invoke(Method.java:580)
at org.testng.internal.invokers.MethodInvocationHelper.invokeMethod(MethodInvocationHelper.java:141)
at org.testng.internal.invokers.TestInvoker.invokeMethod(TestInvoker.java:687)
at org.testng.internal.invokers.TestInvoker.invokeTestMethod(TestInvoker.java:230)
at org.testng.internal.invokers.MethodRunner.runInSequence(MethodRunner.java:63)
at org.testng.internal.invokers.TestInvoker$MethodInvocationAgent.invoke(TestInvoker.java:995)
at org.testng.internal.invokers.TestInvoker.invokeTestMethods(TestInvoker.java:203)
at org.testng.internal.invokers.TestMethodWorker.invokeTestMethods(TestMethodWorker.java:154)
at org.testng.internal.invokers.TestMethodWorker.run(TestMethodWorker.java:134)
at java.base/java.util.ArrayList.forEach(ArrayList.java:1596)
at org.testng.TestRunner.privateRun(TestRunner.java:741)
at org.testng.TestRunner.run(TestRunner.java:616)
at org.testng.SuiteRunner.runTest(SuiteRunner.java:421)
at org.testng.SuiteRunner.runSequentially(SuiteRunner.java:413)
at org.testng.SuiteRunner.privateRun(SuiteRunner.java:373)
at org.testng.SuiteRunner.run(SuiteRunner.java:312)
at org.testng.SuiteRunnerWorker.runSuite(SuiteRunnerWorker.java:52)
at org.testng.SuiteRunnerWorker.run(SuiteRunnerWorker.java:95)
at org.testng.TestNG.runSuitesSequentially(TestNG.java:1274)
at org.testng.TestNG.runSuitesLocally(TestNG.java:1208)
at org.testng.TestNG.runSuites(TestNG.java:1112)
at org.testng.TestNG.run(TestNG.java:1079)
at org.testng.remote.AbstractRemoteTestNG.run(AbstractRemoteTestNG.java:115)
at org.testng.remote.RemoteTestNG.initAndRun(RemoteTestNG.java:293)
at org.testng.remote.RemoteTestNG.main(RemoteTestNG.java:91)
]]>
    </failure>
  </testcase> <!-- tc14_FormExists -->
  <testcase classname="com.vellinfotech.test.CareersPageFullFormTest" name="tc15_FormRequiredFields" time="0.116">
    <failure message="FAIL [TC-15]: Too few expected fields found. Missing: [name, email, phone, mobile, message, resume, position, subject]. Form may have different field names — check input attributes above in TC-14" type="java.lang.AssertionError">
      <![CDATA[java.lang.AssertionError: FAIL [TC-15]: Too few expected fields found. Missing: [name, email, phone, mobile, message, resume, position, subject]. Form may have different field names — check input attributes above in TC-14
at org.testng.Assert.fail(Assert.java:111)
at com.vellinfotech.test.CareersPageFullFormTest.fail(CareersPageFullFormTest.java:1161)
at com.vellinfotech.test.CareersPageFullFormTest.assertPass(CareersPageFullFormTest.java:1149)
at com.vellinfotech.test.CareersPageFullFormTest.tc15_FormRequiredFields(CareersPageFullFormTest.java:450)
at java.base/jdk.internal.reflect.DirectMethodHandleAccessor.invoke(DirectMethodHandleAccessor.java:103)
at java.base/java.lang.reflect.Method.invoke(Method.java:580)
at org.testng.internal.invokers.MethodInvocationHelper.invokeMethod(MethodInvocationHelper.java:141)
at org.testng.internal.invokers.TestInvoker.invokeMethod(TestInvoker.java:687)
at org.testng.internal.invokers.TestInvoker.invokeTestMethod(TestInvoker.java:230)
at org.testng.internal.invokers.MethodRunner.runInSequence(MethodRunner.java:63)
at org.testng.internal.invokers.TestInvoker$MethodInvocationAgent.invoke(TestInvoker.java:995)
at org.testng.internal.invokers.TestInvoker.invokeTestMethods(TestInvoker.java:203)
at org.testng.internal.invokers.TestMethodWorker.invokeTestMethods(TestMethodWorker.java:154)
at org.testng.internal.invokers.TestMethodWorker.run(TestMethodWorker.java:134)
at java.base/java.util.ArrayList.forEach(ArrayList.java:1596)
at org.testng.TestRunner.privateRun(TestRunner.java:741)
at org.testng.TestRunner.run(TestRunner.java:616)
at org.testng.SuiteRunner.runTest(SuiteRunner.java:421)
at org.testng.SuiteRunner.runSequentially(SuiteRunner.java:413)
at org.testng.SuiteRunner.privateRun(SuiteRunner.java:373)
at org.testng.SuiteRunner.run(SuiteRunner.java:312)
at org.testng.SuiteRunnerWorker.runSuite(SuiteRunnerWorker.java:52)
at org.testng.SuiteRunnerWorker.run(SuiteRunnerWorker.java:95)
at org.testng.TestNG.runSuitesSequentially(TestNG.java:1274)
at org.testng.TestNG.runSuitesLocally(TestNG.java:1208)
at org.testng.TestNG.runSuites(TestNG.java:1112)
at org.testng.TestNG.run(TestNG.java:1079)
at org.testng.remote.AbstractRemoteTestNG.run(AbstractRemoteTestNG.java:115)
at org.testng.remote.RemoteTestNG.initAndRun(RemoteTestNG.java:293)
at org.testng.remote.RemoteTestNG.main(RemoteTestNG.java:91)
]]>
    </failure>
  </testcase> <!-- tc15_FormRequiredFields -->
  <testcase classname="com.vellinfotech.test.CareersPageFullFormTest" name="tc16_FileUploadField" time="0.096">
    <failure message="FAIL [TC-16]: No file upload field found" type="java.lang.AssertionError">
      <![CDATA[java.lang.AssertionError: FAIL [TC-16]: No file upload field found
at org.testng.Assert.fail(Assert.java:111)
at com.vellinfotech.test.CareersPageFullFormTest.fail(CareersPageFullFormTest.java:1161)
at com.vellinfotech.test.CareersPageFullFormTest.tc16_FileUploadField(CareersPageFullFormTest.java:469)
at java.base/jdk.internal.reflect.DirectMethodHandleAccessor.invoke(DirectMethodHandleAccessor.java:103)
at java.base/java.lang.reflect.Method.invoke(Method.java:580)
at org.testng.internal.invokers.MethodInvocationHelper.invokeMethod(MethodInvocationHelper.java:141)
at org.testng.internal.invokers.TestInvoker.invokeMethod(TestInvoker.java:687)
at org.testng.internal.invokers.TestInvoker.invokeTestMethod(TestInvoker.java:230)
at org.testng.internal.invokers.MethodRunner.runInSequence(MethodRunner.java:63)
at org.testng.internal.invokers.TestInvoker$MethodInvocationAgent.invoke(TestInvoker.java:995)
at org.testng.internal.invokers.TestInvoker.invokeTestMethods(TestInvoker.java:203)
at org.testng.internal.invokers.TestMethodWorker.invokeTestMethods(TestMethodWorker.java:154)
at org.testng.internal.invokers.TestMethodWorker.run(TestMethodWorker.java:134)
at java.base/java.util.ArrayList.forEach(ArrayList.java:1596)
at org.testng.TestRunner.privateRun(TestRunner.java:741)
at org.testng.TestRunner.run(TestRunner.java:616)
at org.testng.SuiteRunner.runTest(SuiteRunner.java:421)
at org.testng.SuiteRunner.runSequentially(SuiteRunner.java:413)
at org.testng.SuiteRunner.privateRun(SuiteRunner.java:373)
at org.testng.SuiteRunner.run(SuiteRunner.java:312)
at org.testng.SuiteRunnerWorker.runSuite(SuiteRunnerWorker.java:52)
at org.testng.SuiteRunnerWorker.run(SuiteRunnerWorker.java:95)
at org.testng.TestNG.runSuitesSequentially(TestNG.java:1274)
at org.testng.TestNG.runSuitesLocally(TestNG.java:1208)
at org.testng.TestNG.runSuites(TestNG.java:1112)
at org.testng.TestNG.run(TestNG.java:1079)
at org.testng.remote.AbstractRemoteTestNG.run(AbstractRemoteTestNG.java:115)
at org.testng.remote.RemoteTestNG.initAndRun(RemoteTestNG.java:293)
at org.testng.remote.RemoteTestNG.main(RemoteTestNG.java:91)
]]>
    </failure>
  </testcase> <!-- tc16_FileUploadField -->
  <testcase classname="com.vellinfotech.test.CareersPageFullFormTest" name="tc17_FillNameField" time="2.323"/>
  <testcase classname="com.vellinfotech.test.CareersPageFullFormTest" name="tc18_FillEmailField" time="0.061"/>
  <testcase classname="com.vellinfotech.test.CareersPageFullFormTest" name="tc19_FillPhoneField" time="0.055"/>
  <testcase classname="com.vellinfotech.test.CareersPageFullFormTest" name="tc20_FillMessageField" time="0.120"/>
  <testcase classname="com.vellinfotech.test.CareersPageFullFormTest" name="tc21_UploadResume" time="0.057"/>
  <testcase classname="com.vellinfotech.test.CareersPageFullFormTest" name="tc22_EmptyFormSubmit" time="3.857"/>
  <testcase classname="com.vellinfotech.test.CareersPageFullFormTest" name="tc23_InvalidEmail" time="2.639"/>
  <testcase classname="com.vellinfotech.test.CareersPageFullFormTest" name="tc24_InvalidPhone" time="2.931"/>
  <testcase classname="com.vellinfotech.test.CareersPageFullFormTest" name="tc25_XSSInjection" time="2.799"/>
  <testcase classname="com.vellinfotech.test.CareersPageFullFormTest" name="tc26_LongTextInput" time="2.717"/>
  <testcase classname="com.vellinfotech.test.CareersPageFullFormTest" name="tc27_ValidFormSubmit" time="2.739"/>
  <testcase classname="com.vellinfotech.test.CareersPageFullFormTest" name="tc28_NoBrokenImages" time="3.717"/>
  <testcase classname="com.vellinfotech.test.CareersPageFullFormTest" name="tc29_Footer" time="0.957"/>
  <testcase classname="com.vellinfotech.test.CareersPageFullFormTest" name="tc30_PageLoadTime" time="0.511"/>
</testsuite> <!-- com.vellinfotech.test.CareersPageFullFormTest -->
