<?xml version="1.0" encoding="UTF-8"?>
<!-- Generated by org.testng.reporters.JUnitReportReporter -->
<testsuite hostname="YAWAY01-NIVEDHA" failures="2" tests="18" name="com.vellinfotech.tests.VelInfoTechHomePageTest" time="6.649" errors="0" timestamp="2026-03-11T10:01:36 IST" skipped="0">
  <testcase classname="com.vellinfotech.tests.VelInfoTechHomePageTest" name="testPageTitle" time="0.135">
    <failure message="FAIL: Title mismatch. Expected: &#039;Vell InfoTech&#039; | Actual: &#039;Vell Infotech — Best Software Training &amp; Placement Support&#039; expected [Vell InfoTech] but found [Vell Infotech — Best Software Training &amp; Placement Support]" type="java.lang.AssertionError">
      <![CDATA[java.lang.AssertionError: FAIL: Title mismatch. Expected: 'Vell InfoTech' | Actual: 'Vell Infotech — Best Software Training & Placement Support' expected [Vell InfoTech] but found [Vell Infotech — Best Software Training & Placement Support]
at org.testng.Assert.fail(Assert.java:111)
at org.testng.Assert.failNotEquals(Assert.java:1590)
at org.testng.Assert.assertEqualsImpl(Assert.java:150)
at org.testng.Assert.assertEquals(Assert.java:132)
at org.testng.Assert.assertEquals(Assert.java:656)
at com.vellinfotech.tests.VelInfoTechHomePageTest.testPageTitle(VelInfoTechHomePageTest.java:81)
at java.base/jdk.internal.reflect.DirectMethodHandleAccessor.invoke(DirectMethodHandleAccessor.java:103)
at java.base/java.lang.reflect.Method.invoke(Method.java:580)
at org.testng.internal.invokers.MethodInvocationHelper.invokeMethod(MethodInvocationHelper.java:141)
at org.testng.internal.invokers.TestInvoker.invokeMethod(TestInvoker.java:687)
at org.testng.internal.invokers.TestInvoker.invokeTestMethod(TestInvoker.java:230)
at org.testng.internal.invokers.MethodRunner.runInSequence(MethodRunner.java:63)
at org.testng.internal.invokers.TestInvoker$MethodInvocationAgent.invoke(TestInvoker.java:995)
at org.testng.internal.invokers.TestInvoker.invokeTestMethods(TestInvoker.java:203)
at org.testng.internal.invokers.TestMethodWorker.invokeTestMethods(TestMethodWorker.java:154)
at org.testng.internal.invokers.TestMethodWorker.run(TestMethodWorker.java:134)
at java.base/java.util.ArrayList.forEach(ArrayList.java:1596)
at org.testng.TestRunner.privateRun(TestRunner.java:741)
at org.testng.TestRunner.run(TestRunner.java:616)
at org.testng.SuiteRunner.runTest(SuiteRunner.java:421)
at org.testng.SuiteRunner.runSequentially(SuiteRunner.java:413)
at org.testng.SuiteRunner.privateRun(SuiteRunner.java:373)
at org.testng.SuiteRunner.run(SuiteRunner.java:312)
at org.testng.SuiteRunnerWorker.runSuite(SuiteRunnerWorker.java:52)
at org.testng.SuiteRunnerWorker.run(SuiteRunnerWorker.java:95)
at org.testng.TestNG.runSuitesSequentially(TestNG.java:1274)
at org.testng.TestNG.runSuitesLocally(TestNG.java:1208)
at org.testng.TestNG.runSuites(TestNG.java:1112)
at org.testng.TestNG.run(TestNG.java:1079)
at org.testng.remote.AbstractRemoteTestNG.run(AbstractRemoteTestNG.java:115)
at org.testng.remote.RemoteTestNG.initAndRun(RemoteTestNG.java:293)
at org.testng.remote.RemoteTestNG.main(RemoteTestNG.java:91)
]]>
    </failure>
  </testcase> <!-- testPageTitle -->
  <testcase classname="com.vellinfotech.tests.VelInfoTechHomePageTest" name="testPageURL" time="0.204"/>
  <testcase classname="com.vellinfotech.tests.VelInfoTechHomePageTest" name="testPageBodyNotEmpty" time="0.267"/>
  <testcase classname="com.vellinfotech.tests.VelInfoTechHomePageTest" name="testLogoDisplayed" time="0.085"/>
  <testcase classname="com.vellinfotech.tests.VelInfoTechHomePageTest" name="testNavBarPresent" time="0.068"/>
  <testcase classname="com.vellinfotech.tests.VelInfoTechHomePageTest" name="testNavLinksExist" time="0.787"/>
  <testcase classname="com.vellinfotech.tests.VelInfoTechHomePageTest" name="testHeroBannerSection" time="0.201"/>
  <testcase classname="com.vellinfotech.tests.VelInfoTechHomePageTest" name="testHeadingExists" time="0.135"/>
  <testcase classname="com.vellinfotech.tests.VelInfoTechHomePageTest" name="testServicesSectionVisible" time="0.151"/>
  <testcase classname="com.vellinfotech.tests.VelInfoTechHomePageTest" name="testContactLinkPresent" time="0.037"/>
  <testcase classname="com.vellinfotech.tests.VelInfoTechHomePageTest" name="testFooterVisible" time="0.833"/>
  <testcase classname="com.vellinfotech.tests.VelInfoTechHomePageTest" name="testFooterCopyrightText" time="0.697"/>
  <testcase classname="com.vellinfotech.tests.VelInfoTechHomePageTest" name="testImagesHaveSrc" time="1.064"/>
  <testcase classname="com.vellinfotech.tests.VelInfoTechHomePageTest" name="testSocialMediaLinks" time="0.045">
    <failure message="FAIL: No social media links found on homepage. expected [false] but found [true]" type="java.lang.AssertionError">
      <![CDATA[java.lang.AssertionError: FAIL: No social media links found on homepage. expected [false] but found [true]
at org.testng.Assert.fail(Assert.java:111)
at org.testng.Assert.failNotEquals(Assert.java:1590)
at org.testng.Assert.assertFalse(Assert.java:79)
at com.vellinfotech.tests.VelInfoTechHomePageTest.testSocialMediaLinks(VelInfoTechHomePageTest.java:364)
at java.base/jdk.internal.reflect.DirectMethodHandleAccessor.invoke(DirectMethodHandleAccessor.java:103)
at java.base/java.lang.reflect.Method.invoke(Method.java:580)
at org.testng.internal.invokers.MethodInvocationHelper.invokeMethod(MethodInvocationHelper.java:141)
at org.testng.internal.invokers.TestInvoker.invokeMethod(TestInvoker.java:687)
at org.testng.internal.invokers.TestInvoker.invokeTestMethod(TestInvoker.java:230)
at org.testng.internal.invokers.MethodRunner.runInSequence(MethodRunner.java:63)
at org.testng.internal.invokers.TestInvoker$MethodInvocationAgent.invoke(TestInvoker.java:995)
at org.testng.internal.invokers.TestInvoker.invokeTestMethods(TestInvoker.java:203)
at org.testng.internal.invokers.TestMethodWorker.invokeTestMethods(TestMethodWorker.java:154)
at org.testng.internal.invokers.TestMethodWorker.run(TestMethodWorker.java:134)
at java.base/java.util.ArrayList.forEach(ArrayList.java:1596)
at org.testng.TestRunner.privateRun(TestRunner.java:741)
at org.testng.TestRunner.run(TestRunner.java:616)
at org.testng.SuiteRunner.runTest(SuiteRunner.java:421)
at org.testng.SuiteRunner.runSequentially(SuiteRunner.java:413)
at org.testng.SuiteRunner.privateRun(SuiteRunner.java:373)
at org.testng.SuiteRunner.run(SuiteRunner.java:312)
at org.testng.SuiteRunnerWorker.runSuite(SuiteRunnerWorker.java:52)
at org.testng.SuiteRunnerWorker.run(SuiteRunnerWorker.java:95)
at org.testng.TestNG.runSuitesSequentially(TestNG.java:1274)
at org.testng.TestNG.runSuitesLocally(TestNG.java:1208)
at org.testng.TestNG.runSuites(TestNG.java:1112)
at org.testng.TestNG.run(TestNG.java:1079)
at org.testng.remote.AbstractRemoteTestNG.run(AbstractRemoteTestNG.java:115)
at org.testng.remote.RemoteTestNG.initAndRun(RemoteTestNG.java:293)
at org.testng.remote.RemoteTestNG.main(RemoteTestNG.java:91)
]]>
    </failure>
  </testcase> <!-- testSocialMediaLinks -->
  <testcase classname="com.vellinfotech.tests.VelInfoTechHomePageTest" name="testAllLinksHaveHref" time="0.833"/>
  <testcase classname="com.vellinfotech.tests.VelInfoTechHomePageTest" name="testPageLoadPerformance" time="0.569"/>
  <testcase classname="com.vellinfotech.tests.VelInfoTechHomePageTest" name="testLogoRedirectsToHome" time="0.489"/>
  <testcase classname="com.vellinfotech.tests.VelInfoTechHomePageTest" name="testViewportMetaTag" time="0.049"/>
</testsuite> <!-- com.vellinfotech.tests.VelInfoTechHomePageTest -->
