<?xml version="1.0" encoding="UTF-8"?>
<!-- Generated by org.testng.reporters.JUnitReportReporter -->
<testsuite hostname="YAWAY01-NIVEDHA" failures="0" tests="20" name="com.vellinfotech.tests.HomeToAboutPageTest" time="14.132" errors="0" timestamp="2026-03-11T10:02:23 IST" skipped="0">
  <testcase classname="com.vellinfotech.tests.HomeToAboutPageTest" name="tc01_HomepageLoadsSuccessfully" time="1.270"/>
  <testcase classname="com.vellinfotech.tests.HomeToAboutPageTest" name="tc02_HomepageTitleIsCorrect" time="0.030"/>
  <testcase classname="com.vellinfotech.tests.HomeToAboutPageTest" name="tc03_NavigationBarIsVisible" time="0.117"/>
  <testcase classname="com.vellinfotech.tests.HomeToAboutPageTest" name="tc04_AboutLinkExistsInNav" time="0.256"/>
  <testcase classname="com.vellinfotech.tests.HomeToAboutPageTest" name="tc05_ClickAboutLinkFromHomepage" time="4.806"/>
  <testcase classname="com.vellinfotech.tests.HomeToAboutPageTest" name="tc06_URLChangedToAboutPage" time="0.011"/>
  <testcase classname="com.vellinfotech.tests.HomeToAboutPageTest" name="tc07_AboutPageHeadingLoaded" time="0.105"/>
  <testcase classname="com.vellinfotech.tests.HomeToAboutPageTest" name="tc08_AboutPageBannerVisible" time="0.806"/>
  <testcase classname="com.vellinfotech.tests.HomeToAboutPageTest" name="tc09_AboutPageMainHeading" time="0.235"/>
  <testcase classname="com.vellinfotech.tests.HomeToAboutPageTest" name="tc10_AboutPageDescriptionText" time="0.131"/>
  <testcase classname="com.vellinfotech.tests.HomeToAboutPageTest" name="tc11_WhoWeAreSection" time="1.032"/>
  <testcase classname="com.vellinfotech.tests.HomeToAboutPageTest" name="tc12_MissionVisionSection" time="0.108"/>
  <testcase classname="com.vellinfotech.tests.HomeToAboutPageTest" name="tc13_TeamSection" time="0.238"/>
  <testcase classname="com.vellinfotech.tests.HomeToAboutPageTest" name="tc14_AboutPageImagesLoad" time="2.170"/>
  <testcase classname="com.vellinfotech.tests.HomeToAboutPageTest" name="tc15_CTAButtonOnAboutPage" time="0.144"/>
  <testcase classname="com.vellinfotech.tests.HomeToAboutPageTest" name="tc16_NavStillVisibleOnAboutPage" time="0.588"/>
  <testcase classname="com.vellinfotech.tests.HomeToAboutPageTest" name="tc17_FooterOnAboutPage" time="1.198"/>
  <testcase classname="com.vellinfotech.tests.HomeToAboutPageTest" name="tc18_NoBrokenLinksOnAboutPage" time="0.825"/>
  <testcase classname="com.vellinfotech.tests.HomeToAboutPageTest" name="tc19_ViewportMetaTagPresent" time="0.036"/>
  <testcase classname="com.vellinfotech.tests.HomeToAboutPageTest" name="tc20_AboutPageHasScrollableContent" time="0.026"/>
</testsuite> <!-- com.vellinfotech.tests.HomeToAboutPageTest -->
