<?xml version="1.0" encoding="UTF-8"?>
<!-- Generated by org.testng.reporters.JUnitReportReporter -->
<testsuite hostname="YAWAY01-NIVEDHA" failures="3" tests="30" name="com.vellinfotech.tests.CareersPageTest" time="57.641" errors="0" timestamp="2026-03-11T10:06:35 IST" skipped="0">
  <testcase classname="com.vellinfotech.tests.CareersPageTest" name="tc01_HomepageLoads" time="4.901"/>
  <testcase classname="com.vellinfotech.tests.CareersPageTest" name="tc02_CareersLinkInNav" time="1.067"/>
  <testcase classname="com.vellinfotech.tests.CareersPageTest" name="tc03_NavigateToCareers" time="3.866"/>
  <testcase classname="com.vellinfotech.tests.CareersPageTest" name="tc04_URLVerified" time="0.055"/>
  <testcase classname="com.vellinfotech.tests.CareersPageTest" name="tc05_PageTitle" time="0.072"/>
  <testcase classname="com.vellinfotech.tests.CareersPageTest" name="tc06_PageHeadings" time="0.347"/>
  <testcase classname="com.vellinfotech.tests.CareersPageTest" name="tc07_BannerVisible" time="0.113"/>
  <testcase classname="com.vellinfotech.tests.CareersPageTest" name="tc08_NavBarVisible" time="0.203"/>
  <testcase classname="com.vellinfotech.tests.CareersPageTest" name="tc09_BodyContent" time="0.558"/>
  <testcase classname="com.vellinfotech.tests.CareersPageTest" name="tc10_JobListings" time="0.325"/>
  <testcase classname="com.vellinfotech.tests.CareersPageTest" name="tc11_WhyJoinUs" time="0.399"/>
  <testcase classname="com.vellinfotech.tests.CareersPageTest" name="tc12_ContactInfo" time="0.374"/>
  <testcase classname="com.vellinfotech.tests.CareersPageTest" name="tc13_ApplyCTA" time="6.137">
    <failure message="No Apply/Submit button or link found on Careers page" type="java.lang.AssertionError">
      <![CDATA[java.lang.AssertionError: No Apply/Submit button or link found on Careers page
at org.testng.Assert.fail(Assert.java:111)
at com.vellinfotech.tests.CareersPageTest.assertTrue(CareersPageTest.java:615)
at com.vellinfotech.tests.CareersPageTest.tc13_ApplyCTA(CareersPageTest.java:237)
at java.base/jdk.internal.reflect.DirectMethodHandleAccessor.invoke(DirectMethodHandleAccessor.java:103)
at java.base/java.lang.reflect.Method.invoke(Method.java:580)
at org.testng.internal.invokers.MethodInvocationHelper.invokeMethod(MethodInvocationHelper.java:141)
at org.testng.internal.invokers.TestInvoker.invokeMethod(TestInvoker.java:687)
at org.testng.internal.invokers.TestInvoker.invokeTestMethod(TestInvoker.java:230)
at org.testng.internal.invokers.MethodRunner.runInSequence(MethodRunner.java:63)
at org.testng.internal.invokers.TestInvoker$MethodInvocationAgent.invoke(TestInvoker.java:995)
at org.testng.internal.invokers.TestInvoker.invokeTestMethods(TestInvoker.java:203)
at org.testng.internal.invokers.TestMethodWorker.invokeTestMethods(TestMethodWorker.java:154)
at org.testng.internal.invokers.TestMethodWorker.run(TestMethodWorker.java:134)
at java.base/java.util.ArrayList.forEach(ArrayList.java:1596)
at org.testng.TestRunner.privateRun(TestRunner.java:741)
at org.testng.TestRunner.run(TestRunner.java:616)
at org.testng.SuiteRunner.runTest(SuiteRunner.java:421)
at org.testng.SuiteRunner.runSequentially(SuiteRunner.java:413)
at org.testng.SuiteRunner.privateRun(SuiteRunner.java:373)
at org.testng.SuiteRunner.run(SuiteRunner.java:312)
at org.testng.SuiteRunnerWorker.runSuite(SuiteRunnerWorker.java:52)
at org.testng.SuiteRunnerWorker.run(SuiteRunnerWorker.java:95)
at org.testng.TestNG.runSuitesSequentially(TestNG.java:1274)
at org.testng.TestNG.runSuitesLocally(TestNG.java:1208)
at org.testng.TestNG.runSuites(TestNG.java:1112)
at org.testng.TestNG.run(TestNG.java:1079)
at org.testng.remote.AbstractRemoteTestNG.run(AbstractRemoteTestNG.java:115)
at org.testng.remote.RemoteTestNG.initAndRun(RemoteTestNG.java:293)
at org.testng.remote.RemoteTestNG.main(RemoteTestNG.java:91)
]]>
    </failure>
  </testcase> <!-- tc13_ApplyCTA -->
  <testcase classname="com.vellinfotech.tests.CareersPageTest" name="tc14_FormExists" time="1.776">
    <failure message="No application form on Careers page — check TC-14 field list above" type="java.lang.AssertionError">
      <![CDATA[java.lang.AssertionError: No application form on Careers page — check TC-14 field list above
at org.testng.Assert.fail(Assert.java:111)
at com.vellinfotech.tests.CareersPageTest.assertTrue(CareersPageTest.java:615)
at com.vellinfotech.tests.CareersPageTest.tc14_FormExists(CareersPageTest.java:260)
at java.base/jdk.internal.reflect.DirectMethodHandleAccessor.invoke(DirectMethodHandleAccessor.java:103)
at java.base/java.lang.reflect.Method.invoke(Method.java:580)
at org.testng.internal.invokers.MethodInvocationHelper.invokeMethod(MethodInvocationHelper.java:141)
at org.testng.internal.invokers.TestInvoker.invokeMethod(TestInvoker.java:687)
at org.testng.internal.invokers.TestInvoker.invokeTestMethod(TestInvoker.java:230)
at org.testng.internal.invokers.MethodRunner.runInSequence(MethodRunner.java:63)
at org.testng.internal.invokers.TestInvoker$MethodInvocationAgent.invoke(TestInvoker.java:995)
at org.testng.internal.invokers.TestInvoker.invokeTestMethods(TestInvoker.java:203)
at org.testng.internal.invokers.TestMethodWorker.invokeTestMethods(TestMethodWorker.java:154)
at org.testng.internal.invokers.TestMethodWorker.run(TestMethodWorker.java:134)
at java.base/java.util.ArrayList.forEach(ArrayList.java:1596)
at org.testng.TestRunner.privateRun(TestRunner.java:741)
at org.testng.TestRunner.run(TestRunner.java:616)
at org.testng.SuiteRunner.runTest(SuiteRunner.java:421)
at org.testng.SuiteRunner.runSequentially(SuiteRunner.java:413)
at org.testng.SuiteRunner.privateRun(SuiteRunner.java:373)
at org.testng.SuiteRunner.run(SuiteRunner.java:312)
at org.testng.SuiteRunnerWorker.runSuite(SuiteRunnerWorker.java:52)
at org.testng.SuiteRunnerWorker.run(SuiteRunnerWorker.java:95)
at org.testng.TestNG.runSuitesSequentially(TestNG.java:1274)
at org.testng.TestNG.runSuitesLocally(TestNG.java:1208)
at org.testng.TestNG.runSuites(TestNG.java:1112)
at org.testng.TestNG.run(TestNG.java:1079)
at org.testng.remote.AbstractRemoteTestNG.run(AbstractRemoteTestNG.java:115)
at org.testng.remote.RemoteTestNG.initAndRun(RemoteTestNG.java:293)
at org.testng.remote.RemoteTestNG.main(RemoteTestNG.java:91)
]]>
    </failure>
  </testcase> <!-- tc14_FormExists -->
  <testcase classname="com.vellinfotech.tests.CareersPageTest" name="tc15_FileUploadField" time="0.197">
    <failure message="No resume upload field found — candidates cannot attach CV" type="java.lang.AssertionError">
      <![CDATA[java.lang.AssertionError: No resume upload field found — candidates cannot attach CV
at org.testng.Assert.fail(Assert.java:111)
at com.vellinfotech.tests.CareersPageTest.assertTrue(CareersPageTest.java:615)
at com.vellinfotech.tests.CareersPageTest.tc15_FileUploadField(CareersPageTest.java:273)
at java.base/jdk.internal.reflect.DirectMethodHandleAccessor.invoke(DirectMethodHandleAccessor.java:103)
at java.base/java.lang.reflect.Method.invoke(Method.java:580)
at org.testng.internal.invokers.MethodInvocationHelper.invokeMethod(MethodInvocationHelper.java:141)
at org.testng.internal.invokers.TestInvoker.invokeMethod(TestInvoker.java:687)
at org.testng.internal.invokers.TestInvoker.invokeTestMethod(TestInvoker.java:230)
at org.testng.internal.invokers.MethodRunner.runInSequence(MethodRunner.java:63)
at org.testng.internal.invokers.TestInvoker$MethodInvocationAgent.invoke(TestInvoker.java:995)
at org.testng.internal.invokers.TestInvoker.invokeTestMethods(TestInvoker.java:203)
at org.testng.internal.invokers.TestMethodWorker.invokeTestMethods(TestMethodWorker.java:154)
at org.testng.internal.invokers.TestMethodWorker.run(TestMethodWorker.java:134)
at java.base/java.util.ArrayList.forEach(ArrayList.java:1596)
at org.testng.TestRunner.privateRun(TestRunner.java:741)
at org.testng.TestRunner.run(TestRunner.java:616)
at org.testng.SuiteRunner.runTest(SuiteRunner.java:421)
at org.testng.SuiteRunner.runSequentially(SuiteRunner.java:413)
at org.testng.SuiteRunner.privateRun(SuiteRunner.java:373)
at org.testng.SuiteRunner.run(SuiteRunner.java:312)
at org.testng.SuiteRunnerWorker.runSuite(SuiteRunnerWorker.java:52)
at org.testng.SuiteRunnerWorker.run(SuiteRunnerWorker.java:95)
at org.testng.TestNG.runSuitesSequentially(TestNG.java:1274)
at org.testng.TestNG.runSuitesLocally(TestNG.java:1208)
at org.testng.TestNG.runSuites(TestNG.java:1112)
at org.testng.TestNG.run(TestNG.java:1079)
at org.testng.remote.AbstractRemoteTestNG.run(AbstractRemoteTestNG.java:115)
at org.testng.remote.RemoteTestNG.initAndRun(RemoteTestNG.java:293)
at org.testng.remote.RemoteTestNG.main(RemoteTestNG.java:91)
]]>
    </failure>
  </testcase> <!-- tc15_FileUploadField -->
  <testcase classname="com.vellinfotech.tests.CareersPageTest" name="tc16_FillName" time="3.056"/>
  <testcase classname="com.vellinfotech.tests.CareersPageTest" name="tc17_FillEmail" time="0.069"/>
  <testcase classname="com.vellinfotech.tests.CareersPageTest" name="tc18_FillPhone" time="0.134"/>
  <testcase classname="com.vellinfotech.tests.CareersPageTest" name="tc19_FillMessage" time="0.127"/>
  <testcase classname="com.vellinfotech.tests.CareersPageTest" name="tc20_UploadResume" time="0.202"/>
  <testcase classname="com.vellinfotech.tests.CareersPageTest" name="tc21_EmptyFormSubmit" time="4.723"/>
  <testcase classname="com.vellinfotech.tests.CareersPageTest" name="tc22_InvalidEmailFormats" time="6.203"/>
  <testcase classname="com.vellinfotech.tests.CareersPageTest" name="tc23_InvalidPhoneNumbers" time="4.019"/>
  <testcase classname="com.vellinfotech.tests.CareersPageTest" name="tc24_XSSInjection" time="4.554"/>
  <testcase classname="com.vellinfotech.tests.CareersPageTest" name="tc25_LongTextInput" time="2.835"/>
  <testcase classname="com.vellinfotech.tests.CareersPageTest" name="tc26_ValidFormSubmit" time="3.846"/>
  <testcase classname="com.vellinfotech.tests.CareersPageTest" name="tc27_NoBrokenImages" time="3.618"/>
  <testcase classname="com.vellinfotech.tests.CareersPageTest" name="tc28_ValidLinks" time="1.718"/>
  <testcase classname="com.vellinfotech.tests.CareersPageTest" name="tc29_Footer" time="0.382"/>
  <testcase classname="com.vellinfotech.tests.CareersPageTest" name="tc30_PageLoadTime" time="1.765"/>
</testsuite> <!-- com.vellinfotech.tests.CareersPageTest -->
