<?xml version="1.0" encoding="UTF-8"?>
<!-- Generated by org.testng.reporters.JUnitReportReporter -->
<testsuite hostname="YAWAY01-NIVEDHA" failures="4" tests="25" name="com.vellinfotech.tests.ClientsPageTest" time="35.577" errors="0" timestamp="2026-03-07T12:24:06 IST" skipped="0">
  <testcase classname="com.vellinfotech.tests.ClientsPageTest" name="tc01_HomepageLoads" time="2.838"/>
  <testcase classname="com.vellinfotech.tests.ClientsPageTest" name="tc02_ClientsLinkInNav" time="1.554"/>
  <testcase classname="com.vellinfotech.tests.ClientsPageTest" name="tc03_NavigateToClients" time="6.299"/>
  <testcase classname="com.vellinfotech.tests.ClientsPageTest" name="tc04_URLVerified" time="0.079"/>
  <testcase classname="com.vellinfotech.tests.ClientsPageTest" name="tc05_PageIsValid" time="1.350"/>
  <testcase classname="com.vellinfotech.tests.ClientsPageTest" name="tc06_PageTitle" time="0.164"/>
  <testcase classname="com.vellinfotech.tests.ClientsPageTest" name="tc07_PageHeadings" time="0.283"/>
  <testcase classname="com.vellinfotech.tests.ClientsPageTest" name="tc08_NavBarVisible" time="0.391"/>
  <testcase classname="com.vellinfotech.tests.ClientsPageTest" name="tc09_PageBodyContent" time="0.665"/>
  <testcase classname="com.vellinfotech.tests.ClientsPageTest" name="tc10_ClientLogosSection" time="1.047"/>
  <testcase classname="com.vellinfotech.tests.ClientsPageTest" name="tc11_LogosNotBroken" time="0.077"/>
  <testcase classname="com.vellinfotech.tests.ClientsPageTest" name="tc12_LogosHaveAltText" time="0.085"/>
  <testcase classname="com.vellinfotech.tests.ClientsPageTest" name="tc13_MinimumLogoCount" time="0.053">
    <failure message="Only 0 logo(s) found — expected at least 3 client logos" type="java.lang.AssertionError">
      <![CDATA[java.lang.AssertionError: Only 0 logo(s) found — expected at least 3 client logos
at org.testng.Assert.fail(Assert.java:111)
at com.vellinfotech.tests.ClientsPageTest.assertTrue(ClientsPageTest.java:576)
at com.vellinfotech.tests.ClientsPageTest.tc13_MinimumLogoCount(ClientsPageTest.java:286)
at java.base/jdk.internal.reflect.DirectMethodHandleAccessor.invoke(DirectMethodHandleAccessor.java:103)
at java.base/java.lang.reflect.Method.invoke(Method.java:580)
at org.testng.internal.invokers.MethodInvocationHelper.invokeMethod(MethodInvocationHelper.java:141)
at org.testng.internal.invokers.TestInvoker.invokeMethod(TestInvoker.java:687)
at org.testng.internal.invokers.TestInvoker.invokeTestMethod(TestInvoker.java:230)
at org.testng.internal.invokers.MethodRunner.runInSequence(MethodRunner.java:63)
at org.testng.internal.invokers.TestInvoker$MethodInvocationAgent.invoke(TestInvoker.java:995)
at org.testng.internal.invokers.TestInvoker.invokeTestMethods(TestInvoker.java:203)
at org.testng.internal.invokers.TestMethodWorker.invokeTestMethods(TestMethodWorker.java:154)
at org.testng.internal.invokers.TestMethodWorker.run(TestMethodWorker.java:134)
at java.base/java.util.ArrayList.forEach(ArrayList.java:1596)
at org.testng.TestRunner.privateRun(TestRunner.java:741)
at org.testng.TestRunner.run(TestRunner.java:616)
at org.testng.SuiteRunner.runTest(SuiteRunner.java:421)
at org.testng.SuiteRunner.runSequentially(SuiteRunner.java:413)
at org.testng.SuiteRunner.privateRun(SuiteRunner.java:373)
at org.testng.SuiteRunner.run(SuiteRunner.java:312)
at org.testng.SuiteRunnerWorker.runSuite(SuiteRunnerWorker.java:52)
at org.testng.SuiteRunnerWorker.run(SuiteRunnerWorker.java:95)
at org.testng.TestNG.runSuitesSequentially(TestNG.java:1274)
at org.testng.TestNG.runSuitesLocally(TestNG.java:1208)
at org.testng.TestNG.runSuites(TestNG.java:1112)
at org.testng.TestNG.run(TestNG.java:1079)
at org.testng.remote.AbstractRemoteTestNG.run(AbstractRemoteTestNG.java:115)
at org.testng.remote.RemoteTestNG.initAndRun(RemoteTestNG.java:293)
at org.testng.remote.RemoteTestNG.main(RemoteTestNG.java:91)
]]>
    </failure>
  </testcase> <!-- tc13_MinimumLogoCount -->
  <testcase classname="com.vellinfotech.tests.ClientsPageTest" name="tc14_ClientNamesVisible" time="0.433"/>
  <testcase classname="com.vellinfotech.tests.ClientsPageTest" name="tc15_TestimonialsSection" time="1.160"/>
  <testcase classname="com.vellinfotech.tests.ClientsPageTest" name="tc16_TestimonialText" time="0.036">
    <failure message="Testimonial section has no text content" type="java.lang.AssertionError">
      <![CDATA[java.lang.AssertionError: Testimonial section has no text content
at org.testng.Assert.fail(Assert.java:111)
at com.vellinfotech.tests.ClientsPageTest.assertTrue(ClientsPageTest.java:576)
at com.vellinfotech.tests.ClientsPageTest.tc16_TestimonialText(ClientsPageTest.java:344)
at java.base/jdk.internal.reflect.DirectMethodHandleAccessor.invoke(DirectMethodHandleAccessor.java:103)
at java.base/java.lang.reflect.Method.invoke(Method.java:580)
at org.testng.internal.invokers.MethodInvocationHelper.invokeMethod(MethodInvocationHelper.java:141)
at org.testng.internal.invokers.TestInvoker.invokeMethod(TestInvoker.java:687)
at org.testng.internal.invokers.TestInvoker.invokeTestMethod(TestInvoker.java:230)
at org.testng.internal.invokers.MethodRunner.runInSequence(MethodRunner.java:63)
at org.testng.internal.invokers.TestInvoker$MethodInvocationAgent.invoke(TestInvoker.java:995)
at org.testng.internal.invokers.TestInvoker.invokeTestMethods(TestInvoker.java:203)
at org.testng.internal.invokers.TestMethodWorker.invokeTestMethods(TestMethodWorker.java:154)
at org.testng.internal.invokers.TestMethodWorker.run(TestMethodWorker.java:134)
at java.base/java.util.ArrayList.forEach(ArrayList.java:1596)
at org.testng.TestRunner.privateRun(TestRunner.java:741)
at org.testng.TestRunner.run(TestRunner.java:616)
at org.testng.SuiteRunner.runTest(SuiteRunner.java:421)
at org.testng.SuiteRunner.runSequentially(SuiteRunner.java:413)
at org.testng.SuiteRunner.privateRun(SuiteRunner.java:373)
at org.testng.SuiteRunner.run(SuiteRunner.java:312)
at org.testng.SuiteRunnerWorker.runSuite(SuiteRunnerWorker.java:52)
at org.testng.SuiteRunnerWorker.run(SuiteRunnerWorker.java:95)
at org.testng.TestNG.runSuitesSequentially(TestNG.java:1274)
at org.testng.TestNG.runSuitesLocally(TestNG.java:1208)
at org.testng.TestNG.runSuites(TestNG.java:1112)
at org.testng.TestNG.run(TestNG.java:1079)
at org.testng.remote.AbstractRemoteTestNG.run(AbstractRemoteTestNG.java:115)
at org.testng.remote.RemoteTestNG.initAndRun(RemoteTestNG.java:293)
at org.testng.remote.RemoteTestNG.main(RemoteTestNG.java:91)
]]>
    </failure>
  </testcase> <!-- tc16_TestimonialText -->
  <testcase classname="com.vellinfotech.tests.ClientsPageTest" name="tc17_TestimonialAuthors" time="0.103">
    <failure message="No author names on testimonials — anonymous reviews reduce trust" type="java.lang.AssertionError">
      <![CDATA[java.lang.AssertionError: No author names on testimonials — anonymous reviews reduce trust
at org.testng.Assert.fail(Assert.java:111)
at com.vellinfotech.tests.ClientsPageTest.assertTrue(ClientsPageTest.java:576)
at com.vellinfotech.tests.ClientsPageTest.tc17_TestimonialAuthors(ClientsPageTest.java:362)
at java.base/jdk.internal.reflect.DirectMethodHandleAccessor.invoke(DirectMethodHandleAccessor.java:103)
at java.base/java.lang.reflect.Method.invoke(Method.java:580)
at org.testng.internal.invokers.MethodInvocationHelper.invokeMethod(MethodInvocationHelper.java:141)
at org.testng.internal.invokers.TestInvoker.invokeMethod(TestInvoker.java:687)
at org.testng.internal.invokers.TestInvoker.invokeTestMethod(TestInvoker.java:230)
at org.testng.internal.invokers.MethodRunner.runInSequence(MethodRunner.java:63)
at org.testng.internal.invokers.TestInvoker$MethodInvocationAgent.invoke(TestInvoker.java:995)
at org.testng.internal.invokers.TestInvoker.invokeTestMethods(TestInvoker.java:203)
at org.testng.internal.invokers.TestMethodWorker.invokeTestMethods(TestMethodWorker.java:154)
at org.testng.internal.invokers.TestMethodWorker.run(TestMethodWorker.java:134)
at java.base/java.util.ArrayList.forEach(ArrayList.java:1596)
at org.testng.TestRunner.privateRun(TestRunner.java:741)
at org.testng.TestRunner.run(TestRunner.java:616)
at org.testng.SuiteRunner.runTest(SuiteRunner.java:421)
at org.testng.SuiteRunner.runSequentially(SuiteRunner.java:413)
at org.testng.SuiteRunner.privateRun(SuiteRunner.java:373)
at org.testng.SuiteRunner.run(SuiteRunner.java:312)
at org.testng.SuiteRunnerWorker.runSuite(SuiteRunnerWorker.java:52)
at org.testng.SuiteRunnerWorker.run(SuiteRunnerWorker.java:95)
at org.testng.TestNG.runSuitesSequentially(TestNG.java:1274)
at org.testng.TestNG.runSuitesLocally(TestNG.java:1208)
at org.testng.TestNG.runSuites(TestNG.java:1112)
at org.testng.TestNG.run(TestNG.java:1079)
at org.testng.remote.AbstractRemoteTestNG.run(AbstractRemoteTestNG.java:115)
at org.testng.remote.RemoteTestNG.initAndRun(RemoteTestNG.java:293)
at org.testng.remote.RemoteTestNG.main(RemoteTestNG.java:91)
]]>
    </failure>
  </testcase> <!-- tc17_TestimonialAuthors -->
  <testcase classname="com.vellinfotech.tests.ClientsPageTest" name="tc18_TestimonialsComplete" time="0.350">
    <failure message="Testimonials missing author names — 0 texts, 0 authors" type="java.lang.AssertionError">
      <![CDATA[java.lang.AssertionError: Testimonials missing author names — 0 texts, 0 authors
at org.testng.Assert.fail(Assert.java:111)
at com.vellinfotech.tests.ClientsPageTest.assertTrue(ClientsPageTest.java:576)
at com.vellinfotech.tests.ClientsPageTest.tc18_TestimonialsComplete(ClientsPageTest.java:388)
at java.base/jdk.internal.reflect.DirectMethodHandleAccessor.invoke(DirectMethodHandleAccessor.java:103)
at java.base/java.lang.reflect.Method.invoke(Method.java:580)
at org.testng.internal.invokers.MethodInvocationHelper.invokeMethod(MethodInvocationHelper.java:141)
at org.testng.internal.invokers.TestInvoker.invokeMethod(TestInvoker.java:687)
at org.testng.internal.invokers.TestInvoker.invokeTestMethod(TestInvoker.java:230)
at org.testng.internal.invokers.MethodRunner.runInSequence(MethodRunner.java:63)
at org.testng.internal.invokers.TestInvoker$MethodInvocationAgent.invoke(TestInvoker.java:995)
at org.testng.internal.invokers.TestInvoker.invokeTestMethods(TestInvoker.java:203)
at org.testng.internal.invokers.TestMethodWorker.invokeTestMethods(TestMethodWorker.java:154)
at org.testng.internal.invokers.TestMethodWorker.run(TestMethodWorker.java:134)
at java.base/java.util.ArrayList.forEach(ArrayList.java:1596)
at org.testng.TestRunner.privateRun(TestRunner.java:741)
at org.testng.TestRunner.run(TestRunner.java:616)
at org.testng.SuiteRunner.runTest(SuiteRunner.java:421)
at org.testng.SuiteRunner.runSequentially(SuiteRunner.java:413)
at org.testng.SuiteRunner.privateRun(SuiteRunner.java:373)
at org.testng.SuiteRunner.run(SuiteRunner.java:312)
at org.testng.SuiteRunnerWorker.runSuite(SuiteRunnerWorker.java:52)
at org.testng.SuiteRunnerWorker.run(SuiteRunnerWorker.java:95)
at org.testng.TestNG.runSuitesSequentially(TestNG.java:1274)
at org.testng.TestNG.runSuitesLocally(TestNG.java:1208)
at org.testng.TestNG.runSuites(TestNG.java:1112)
at org.testng.TestNG.run(TestNG.java:1079)
at org.testng.remote.AbstractRemoteTestNG.run(AbstractRemoteTestNG.java:115)
at org.testng.remote.RemoteTestNG.initAndRun(RemoteTestNG.java:293)
at org.testng.remote.RemoteTestNG.main(RemoteTestNG.java:91)
]]>
    </failure>
  </testcase> <!-- tc18_TestimonialsComplete -->
  <testcase classname="com.vellinfotech.tests.ClientsPageTest" name="tc19_StarRatings" time="0.065"/>
  <testcase classname="com.vellinfotech.tests.ClientsPageTest" name="tc20_StatsSection" time="1.481"/>
  <testcase classname="com.vellinfotech.tests.ClientsPageTest" name="tc21_SliderFunctionality" time="2.958"/>
  <testcase classname="com.vellinfotech.tests.ClientsPageTest" name="tc22_SliderDotNavigation" time="0.415"/>
  <testcase classname="com.vellinfotech.tests.ClientsPageTest" name="tc23_NoBrokenImages" time="11.287"/>
  <testcase classname="com.vellinfotech.tests.ClientsPageTest" name="tc24_FooterPresent" time="1.792"/>
  <testcase classname="com.vellinfotech.tests.ClientsPageTest" name="tc25_PageLoadTime" time="0.612"/>
</testsuite> <!-- com.vellinfotech.tests.ClientsPageTest -->
