<?xml version="1.0" encoding="UTF-8"?>
<!-- Generated by org.testng.reporters.JUnitReportReporter -->
<testsuite hostname="YAWAY01-NIVEDHA" failures="1" tests="35" name="com.vellinfotech.tests.ContactPageTest" time="173.943" errors="0" timestamp="2026-03-10T12:33:11 IST" skipped="0">
  <testcase classname="com.vellinfotech.tests.ContactPageTest" name="tc01_HomepageLoads" time="3.210"/>
  <testcase classname="com.vellinfotech.tests.ContactPageTest" name="tc02_ContactLinkInNav" time="0.936"/>
  <testcase classname="com.vellinfotech.tests.ContactPageTest" name="tc03_NavigateToContact" time="3.466"/>
  <testcase classname="com.vellinfotech.tests.ContactPageTest" name="tc04_URLVerified" time="0.024"/>
  <testcase classname="com.vellinfotech.tests.ContactPageTest" name="tc05_PageIsValid" time="0.271"/>
  <testcase classname="com.vellinfotech.tests.ContactPageTest" name="tc06_PageTitle" time="0.021"/>
  <testcase classname="com.vellinfotech.tests.ContactPageTest" name="tc07_PageHeadings" time="0.236"/>
  <testcase classname="com.vellinfotech.tests.ContactPageTest" name="tc08_BannerVisible" time="0.071"/>
  <testcase classname="com.vellinfotech.tests.ContactPageTest" name="tc09_NavBarVisible" time="0.113"/>
  <testcase classname="com.vellinfotech.tests.ContactPageTest" name="tc10_FormExists" time="1.094"/>
  <testcase classname="com.vellinfotech.tests.ContactPageTest" name="tc11_RequiredFieldsPresent" time="0.875"/>
  <testcase classname="com.vellinfotech.tests.ContactPageTest" name="tc12_SubmitButtonPresent" time="1.108"/>
  <testcase classname="com.vellinfotech.tests.ContactPageTest" name="tc13_FillNameValid" time="3.925"/>
  <testcase classname="com.vellinfotech.tests.ContactPageTest" name="tc14_FillEmailValid" time="1.231"/>
  <testcase classname="com.vellinfotech.tests.ContactPageTest" name="tc15_FillPhoneValid" time="1.317"/>
  <testcase classname="com.vellinfotech.tests.ContactPageTest" name="tc16_FillCourseField" time="1.220"/>
  <testcase classname="com.vellinfotech.tests.ContactPageTest" name="tc17_FillMessageValid" time="2.765"/>
  <testcase classname="com.vellinfotech.tests.ContactPageTest" name="tc18_EmptyFormSubmit" time="7.364"/>
  <testcase classname="com.vellinfotech.tests.ContactPageTest" name="tc19_PartialFormSubmit" time="7.629"/>
  <testcase classname="com.vellinfotech.tests.ContactPageTest" name="tc20_InvalidEmailFormats" time="41.869"/>
  <testcase classname="com.vellinfotech.tests.ContactPageTest" name="tc21_InvalidPhoneNumbers" time="31.514"/>
  <testcase classname="com.vellinfotech.tests.ContactPageTest" name="tc22_ShortMessage" time="12.770"/>
  <testcase classname="com.vellinfotech.tests.ContactPageTest" name="tc23_XSSInjection" time="11.720"/>
  <testcase classname="com.vellinfotech.tests.ContactPageTest" name="tc24_LongNameInput" time="6.418"/>
  <testcase classname="com.vellinfotech.tests.ContactPageTest" name="tc25_ValidFormSubmit" time="15.761">
    <failure message="TC-25: BUG — valid data rejected: [[aria-invalid] on field: course]" type="java.lang.AssertionError">
      <![CDATA[java.lang.AssertionError: TC-25: BUG — valid data rejected: [[aria-invalid] on field: course]
at org.testng.Assert.fail(Assert.java:111)
at com.vellinfotech.tests.ContactPageTest.tc25_ValidFormSubmit(ContactPageTest.java:621)
at java.base/jdk.internal.reflect.DirectMethodHandleAccessor.invoke(DirectMethodHandleAccessor.java:103)
at java.base/java.lang.reflect.Method.invoke(Method.java:580)
at org.testng.internal.invokers.MethodInvocationHelper.invokeMethod(MethodInvocationHelper.java:141)
at org.testng.internal.invokers.TestInvoker.invokeMethod(TestInvoker.java:687)
at org.testng.internal.invokers.TestInvoker.invokeTestMethod(TestInvoker.java:230)
at org.testng.internal.invokers.MethodRunner.runInSequence(MethodRunner.java:63)
at org.testng.internal.invokers.TestInvoker$MethodInvocationAgent.invoke(TestInvoker.java:995)
at org.testng.internal.invokers.TestInvoker.invokeTestMethods(TestInvoker.java:203)
at org.testng.internal.invokers.TestMethodWorker.invokeTestMethods(TestMethodWorker.java:154)
at org.testng.internal.invokers.TestMethodWorker.run(TestMethodWorker.java:134)
at java.base/java.util.ArrayList.forEach(ArrayList.java:1596)
at org.testng.TestRunner.privateRun(TestRunner.java:741)
at org.testng.TestRunner.run(TestRunner.java:616)
at org.testng.SuiteRunner.runTest(SuiteRunner.java:421)
at org.testng.SuiteRunner.runSequentially(SuiteRunner.java:413)
at org.testng.SuiteRunner.privateRun(SuiteRunner.java:373)
at org.testng.SuiteRunner.run(SuiteRunner.java:312)
at org.testng.SuiteRunnerWorker.runSuite(SuiteRunnerWorker.java:52)
at org.testng.SuiteRunnerWorker.run(SuiteRunnerWorker.java:95)
at org.testng.TestNG.runSuitesSequentially(TestNG.java:1274)
at org.testng.TestNG.runSuitesLocally(TestNG.java:1208)
at org.testng.TestNG.runSuites(TestNG.java:1112)
at org.testng.TestNG.run(TestNG.java:1079)
at org.testng.remote.AbstractRemoteTestNG.run(AbstractRemoteTestNG.java:115)
at org.testng.remote.RemoteTestNG.initAndRun(RemoteTestNG.java:293)
at org.testng.remote.RemoteTestNG.main(RemoteTestNG.java:91)
]]>
    </failure>
  </testcase> <!-- tc25_ValidFormSubmit -->
  <testcase classname="com.vellinfotech.tests.ContactPageTest" name="tc26_AddressVisible" time="2.683"/>
  <testcase classname="com.vellinfotech.tests.ContactPageTest" name="tc27_PhoneNumberVisible" time="0.403"/>
  <testcase classname="com.vellinfotech.tests.ContactPageTest" name="tc28_EmailAddressVisible" time="0.142"/>
  <testcase classname="com.vellinfotech.tests.ContactPageTest" name="tc29_GoogleMapEmbedded" time="2.805"/>
  <testcase classname="com.vellinfotech.tests.ContactPageTest" name="tc30_SocialMediaLinks" time="0.128"/>
  <testcase classname="com.vellinfotech.tests.ContactPageTest" name="tc31_NoBrokenImages" time="4.056"/>
  <testcase classname="com.vellinfotech.tests.ContactPageTest" name="tc32_ValidLinks" time="0.693"/>
  <testcase classname="com.vellinfotech.tests.ContactPageTest" name="tc33_FooterPresent" time="0.757"/>
  <testcase classname="com.vellinfotech.tests.ContactPageTest" name="tc34_FullPageScroll" time="4.510"/>
  <testcase classname="com.vellinfotech.tests.ContactPageTest" name="tc35_PageLoadTime" time="0.838"/>
</testsuite> <!-- com.vellinfotech.tests.ContactPageTest -->
