<?xml version="1.0" encoding="UTF-8"?>
<!-- Generated by org.testng.reporters.JUnitReportReporter -->
<testsuite hostname="YAWAY01-NIVEDHA" failures="3" tests="22" name="com.vellinfotech.test.HomeToCoursesPageTest" time="23.983" errors="1" timestamp="2026-03-06T10:45:41 IST" skipped="0">
  <testcase classname="com.vellinfotech.test.HomeToCoursesPageTest" name="tc01_HomepageLoads" time="1.684"/>
  <testcase classname="com.vellinfotech.test.HomeToCoursesPageTest" name="tc02_CoursesLinkExistsInNav" time="0.215"/>
  <testcase classname="com.vellinfotech.test.HomeToCoursesPageTest" name="tc03_ClickCoursesLink" time="4.764"/>
  <testcase classname="com.vellinfotech.test.HomeToCoursesPageTest" name="tc04_CoursesPageURLVerified" time="0.012"/>
  <testcase classname="com.vellinfotech.test.HomeToCoursesPageTest" name="tc05_CoursesPageTitle" time="0.021"/>
  <testcase classname="com.vellinfotech.test.HomeToCoursesPageTest" name="tc06_CoursesPageHeading" time="0.279"/>
  <testcase classname="com.vellinfotech.test.HomeToCoursesPageTest" name="tc07_CoursesPageBanner" time="0.706"/>
  <testcase classname="com.vellinfotech.test.HomeToCoursesPageTest" name="tc08_NavBarVisibleOnCoursesPage" time="0.450"/>
  <testcase classname="com.vellinfotech.test.HomeToCoursesPageTest" name="tc09_CourseCardsDisplayed" time="2.038">
    <failure message="FAIL TC-09: No course cards found. Try inspecting page and updating selectors. expected [false] but found [true]" type="java.lang.AssertionError">
      <![CDATA[java.lang.AssertionError: FAIL TC-09: No course cards found. Try inspecting page and updating selectors. expected [false] but found [true]
at org.testng.Assert.fail(Assert.java:111)
at org.testng.Assert.failNotEquals(Assert.java:1590)
at org.testng.Assert.assertFalse(Assert.java:79)
at com.vellinfotech.test.HomeToCoursesPageTest.tc09_CourseCardsDisplayed(HomeToCoursesPageTest.java:478)
at java.base/jdk.internal.reflect.DirectMethodHandleAccessor.invoke(DirectMethodHandleAccessor.java:103)
at java.base/java.lang.reflect.Method.invoke(Method.java:580)
at org.testng.internal.invokers.MethodInvocationHelper.invokeMethod(MethodInvocationHelper.java:141)
at org.testng.internal.invokers.TestInvoker.invokeMethod(TestInvoker.java:687)
at org.testng.internal.invokers.TestInvoker.invokeTestMethod(TestInvoker.java:230)
at org.testng.internal.invokers.MethodRunner.runInSequence(MethodRunner.java:63)
at org.testng.internal.invokers.TestInvoker$MethodInvocationAgent.invoke(TestInvoker.java:995)
at org.testng.internal.invokers.TestInvoker.invokeTestMethods(TestInvoker.java:203)
at org.testng.internal.invokers.TestMethodWorker.invokeTestMethods(TestMethodWorker.java:154)
at org.testng.internal.invokers.TestMethodWorker.run(TestMethodWorker.java:134)
at java.base/java.util.ArrayList.forEach(ArrayList.java:1596)
at org.testng.TestRunner.privateRun(TestRunner.java:741)
at org.testng.TestRunner.run(TestRunner.java:616)
at org.testng.SuiteRunner.runTest(SuiteRunner.java:421)
at org.testng.SuiteRunner.runSequentially(SuiteRunner.java:413)
at org.testng.SuiteRunner.privateRun(SuiteRunner.java:373)
at org.testng.SuiteRunner.run(SuiteRunner.java:312)
at org.testng.SuiteRunnerWorker.runSuite(SuiteRunnerWorker.java:52)
at org.testng.SuiteRunnerWorker.run(SuiteRunnerWorker.java:95)
at org.testng.TestNG.runSuitesSequentially(TestNG.java:1274)
at org.testng.TestNG.runSuitesLocally(TestNG.java:1208)
at org.testng.TestNG.runSuites(TestNG.java:1112)
at org.testng.TestNG.run(TestNG.java:1079)
at org.testng.remote.AbstractRemoteTestNG.run(AbstractRemoteTestNG.java:115)
at org.testng.remote.RemoteTestNG.initAndRun(RemoteTestNG.java:293)
at org.testng.remote.RemoteTestNG.main(RemoteTestNG.java:91)
]]>
    </failure>
  </testcase> <!-- tc09_CourseCardsDisplayed -->
  <testcase classname="com.vellinfotech.test.HomeToCoursesPageTest" name="tc10_CourseCardHasTitles" time="0.593"/>
  <testcase classname="com.vellinfotech.test.HomeToCoursesPageTest" name="tc11_CourseCardImages" time="1.325"/>
  <testcase classname="com.vellinfotech.test.HomeToCoursesPageTest" name="tc12_CourseCardCTAButtons" time="0.175"/>
  <testcase classname="com.vellinfotech.test.HomeToCoursesPageTest" name="tc13_CourseCategoriesOrFilters" time="0.250"/>
  <testcase classname="com.vellinfotech.test.HomeToCoursesPageTest" name="tc14_CourseCount" time="0.130"/>
  <testcase classname="com.vellinfotech.test.HomeToCoursesPageTest" name="tc15_KnownCoursesVisible" time="0.175"/>
  <testcase classname="com.vellinfotech.test.HomeToCoursesPageTest" name="tc16_CourseDescriptionText" time="0.145"/>
  <testcase classname="com.vellinfotech.test.HomeToCoursesPageTest" name="tc17_ScrollThroughFullPage" time="1.226">
    <error message="class java.lang.Double cannot be cast to class java.lang.Long (java.lang.Double and java.lang.Long are in module java.base of loader &#039;bootstrap&#039;)" type="java.lang.ClassCastException">
      <![CDATA[java.lang.ClassCastException: class java.lang.Double cannot be cast to class java.lang.Long (java.lang.Double and java.lang.Long are in module java.base of loader 'bootstrap')
at com.vellinfotech.test.HomeToCoursesPageTest.tc17_ScrollThroughFullPage(HomeToCoursesPageTest.java:790)
at java.base/jdk.internal.reflect.DirectMethodHandleAccessor.invoke(DirectMethodHandleAccessor.java:103)
at java.base/java.lang.reflect.Method.invoke(Method.java:580)
at org.testng.internal.invokers.MethodInvocationHelper.invokeMethod(MethodInvocationHelper.java:141)
at org.testng.internal.invokers.TestInvoker.invokeMethod(TestInvoker.java:687)
at org.testng.internal.invokers.TestInvoker.invokeTestMethod(TestInvoker.java:230)
at org.testng.internal.invokers.MethodRunner.runInSequence(MethodRunner.java:63)
at org.testng.internal.invokers.TestInvoker$MethodInvocationAgent.invoke(TestInvoker.java:995)
at org.testng.internal.invokers.TestInvoker.invokeTestMethods(TestInvoker.java:203)
at org.testng.internal.invokers.TestMethodWorker.invokeTestMethods(TestMethodWorker.java:154)
at org.testng.internal.invokers.TestMethodWorker.run(TestMethodWorker.java:134)
at java.base/java.util.ArrayList.forEach(ArrayList.java:1596)
at org.testng.TestRunner.privateRun(TestRunner.java:741)
at org.testng.TestRunner.run(TestRunner.java:616)
at org.testng.SuiteRunner.runTest(SuiteRunner.java:421)
at org.testng.SuiteRunner.runSequentially(SuiteRunner.java:413)
at org.testng.SuiteRunner.privateRun(SuiteRunner.java:373)
at org.testng.SuiteRunner.run(SuiteRunner.java:312)
at org.testng.SuiteRunnerWorker.runSuite(SuiteRunnerWorker.java:52)
at org.testng.SuiteRunnerWorker.run(SuiteRunnerWorker.java:95)
at org.testng.TestNG.runSuitesSequentially(TestNG.java:1274)
at org.testng.TestNG.runSuitesLocally(TestNG.java:1208)
at org.testng.TestNG.runSuites(TestNG.java:1112)
at org.testng.TestNG.run(TestNG.java:1079)
at org.testng.remote.AbstractRemoteTestNG.run(AbstractRemoteTestNG.java:115)
at org.testng.remote.RemoteTestNG.initAndRun(RemoteTestNG.java:293)
at org.testng.remote.RemoteTestNG.main(RemoteTestNG.java:91)
]]>
    </error>
  </testcase> <!-- tc17_ScrollThroughFullPage -->
  <testcase classname="com.vellinfotech.test.HomeToCoursesPageTest" name="tc18_FooterOnCoursesPage" time="1.074"/>
  <testcase classname="com.vellinfotech.test.HomeToCoursesPageTest" name="tc19_NoBrokenImagesOnCoursesPage" time="1.965"/>
  <testcase classname="com.vellinfotech.test.HomeToCoursesPageTest" name="tc20_ClickFirstCourseCard" time="3.629">
    <failure message="FAIL TC-20: URL did not change after clicking course card. expected [false] but found [true]" type="java.lang.AssertionError">
      <![CDATA[java.lang.AssertionError: FAIL TC-20: URL did not change after clicking course card. expected [false] but found [true]
at org.testng.Assert.fail(Assert.java:111)
at org.testng.Assert.failNotEquals(Assert.java:1590)
at org.testng.Assert.assertFalse(Assert.java:79)
at com.vellinfotech.test.HomeToCoursesPageTest.tc20_ClickFirstCourseCard(HomeToCoursesPageTest.java:941)
at java.base/jdk.internal.reflect.DirectMethodHandleAccessor.invoke(DirectMethodHandleAccessor.java:103)
at java.base/java.lang.reflect.Method.invoke(Method.java:580)
at org.testng.internal.invokers.MethodInvocationHelper.invokeMethod(MethodInvocationHelper.java:141)
at org.testng.internal.invokers.TestInvoker.invokeMethod(TestInvoker.java:687)
at org.testng.internal.invokers.TestInvoker.invokeTestMethod(TestInvoker.java:230)
at org.testng.internal.invokers.MethodRunner.runInSequence(MethodRunner.java:63)
at org.testng.internal.invokers.TestInvoker$MethodInvocationAgent.invoke(TestInvoker.java:995)
at org.testng.internal.invokers.TestInvoker.invokeTestMethods(TestInvoker.java:203)
at org.testng.internal.invokers.TestMethodWorker.invokeTestMethods(TestMethodWorker.java:154)
at org.testng.internal.invokers.TestMethodWorker.run(TestMethodWorker.java:134)
at java.base/java.util.ArrayList.forEach(ArrayList.java:1596)
at org.testng.TestRunner.privateRun(TestRunner.java:741)
at org.testng.TestRunner.run(TestRunner.java:616)
at org.testng.SuiteRunner.runTest(SuiteRunner.java:421)
at org.testng.SuiteRunner.runSequentially(SuiteRunner.java:413)
at org.testng.SuiteRunner.privateRun(SuiteRunner.java:373)
at org.testng.SuiteRunner.run(SuiteRunner.java:312)
at org.testng.SuiteRunnerWorker.runSuite(SuiteRunnerWorker.java:52)
at org.testng.SuiteRunnerWorker.run(SuiteRunnerWorker.java:95)
at org.testng.TestNG.runSuitesSequentially(TestNG.java:1274)
at org.testng.TestNG.runSuitesLocally(TestNG.java:1208)
at org.testng.TestNG.runSuites(TestNG.java:1112)
at org.testng.TestNG.run(TestNG.java:1079)
at org.testng.remote.AbstractRemoteTestNG.run(AbstractRemoteTestNG.java:115)
at org.testng.remote.RemoteTestNG.initAndRun(RemoteTestNG.java:293)
at org.testng.remote.RemoteTestNG.main(RemoteTestNG.java:91)
]]>
    </failure>
  </testcase> <!-- tc20_ClickFirstCourseCard -->
  <testcase classname="com.vellinfotech.test.HomeToCoursesPageTest" name="tc21_NavigateBackToCoursesPage" time="1.479">
    <failure message="FAIL TC-21: After Back navigation, URL does not look like Courses page: https://www.vellinfotech.com/ expected [true] but found [false]" type="java.lang.AssertionError">
      <![CDATA[java.lang.AssertionError: FAIL TC-21: After Back navigation, URL does not look like Courses page: https://www.vellinfotech.com/ expected [true] but found [false]
at org.testng.Assert.fail(Assert.java:111)
at org.testng.Assert.failNotEquals(Assert.java:1590)
at org.testng.Assert.assertTrue(Assert.java:57)
at com.vellinfotech.test.HomeToCoursesPageTest.tc21_NavigateBackToCoursesPage(HomeToCoursesPageTest.java:965)
at java.base/jdk.internal.reflect.DirectMethodHandleAccessor.invoke(DirectMethodHandleAccessor.java:103)
at java.base/java.lang.reflect.Method.invoke(Method.java:580)
at org.testng.internal.invokers.MethodInvocationHelper.invokeMethod(MethodInvocationHelper.java:141)
at org.testng.internal.invokers.TestInvoker.invokeMethod(TestInvoker.java:687)
at org.testng.internal.invokers.TestInvoker.invokeTestMethod(TestInvoker.java:230)
at org.testng.internal.invokers.MethodRunner.runInSequence(MethodRunner.java:63)
at org.testng.internal.invokers.TestInvoker$MethodInvocationAgent.invoke(TestInvoker.java:995)
at org.testng.internal.invokers.TestInvoker.invokeTestMethods(TestInvoker.java:203)
at org.testng.internal.invokers.TestMethodWorker.invokeTestMethods(TestMethodWorker.java:154)
at org.testng.internal.invokers.TestMethodWorker.run(TestMethodWorker.java:134)
at java.base/java.util.ArrayList.forEach(ArrayList.java:1596)
at org.testng.TestRunner.privateRun(TestRunner.java:741)
at org.testng.TestRunner.run(TestRunner.java:616)
at org.testng.SuiteRunner.runTest(SuiteRunner.java:421)
at org.testng.SuiteRunner.runSequentially(SuiteRunner.java:413)
at org.testng.SuiteRunner.privateRun(SuiteRunner.java:373)
at org.testng.SuiteRunner.run(SuiteRunner.java:312)
at org.testng.SuiteRunnerWorker.runSuite(SuiteRunnerWorker.java:52)
at org.testng.SuiteRunnerWorker.run(SuiteRunnerWorker.java:95)
at org.testng.TestNG.runSuitesSequentially(TestNG.java:1274)
at org.testng.TestNG.runSuitesLocally(TestNG.java:1208)
at org.testng.TestNG.runSuites(TestNG.java:1112)
at org.testng.TestNG.run(TestNG.java:1079)
at org.testng.remote.AbstractRemoteTestNG.run(AbstractRemoteTestNG.java:115)
at org.testng.remote.RemoteTestNG.initAndRun(RemoteTestNG.java:293)
at org.testng.remote.RemoteTestNG.main(RemoteTestNG.java:91)
]]>
    </failure>
  </testcase> <!-- tc21_NavigateBackToCoursesPage -->
  <testcase classname="com.vellinfotech.test.HomeToCoursesPageTest" name="tc22_AllLinksHaveValidHref" time="1.648"/>
</testsuite> <!-- com.vellinfotech.test.HomeToCoursesPageTest -->
