<?xml version="1.0" encoding="UTF-8"?>
<!-- Generated by org.testng.reporters.JUnitReportReporter -->
<testsuite hostname="YAWAY01-NIVEDHA" failures="0" tests="16" name="com.vellinfotech.tests.VellInfoTechFullWebsiteDeepTest" time="246.975" errors="0" timestamp="2026-03-11T10:42:56 IST" skipped="1">
  <testcase classname="com.vellinfotech.tests.VellInfoTechFullWebsiteDeepTest" name="verifyMainPagesDeeply" time="12.782"/>
  <testcase classname="com.vellinfotech.tests.VellInfoTechFullWebsiteDeepTest" name="verifyMainPagesDeeply" time="8.223"/>
  <testcase classname="com.vellinfotech.tests.VellInfoTechFullWebsiteDeepTest" name="verifyMainPagesDeeply" time="8.866"/>
  <testcase classname="com.vellinfotech.tests.VellInfoTechFullWebsiteDeepTest" name="verifyMainPagesDeeply" time="11.884"/>
  <testcase classname="com.vellinfotech.tests.VellInfoTechFullWebsiteDeepTest" name="verifyMainPagesDeeply" time="8.332"/>
  <testcase classname="com.vellinfotech.tests.VellInfoTechFullWebsiteDeepTest" name="verifyMainPagesDeeply" time="8.545"/>
  <testcase classname="com.vellinfotech.tests.VellInfoTechFullWebsiteDeepTest" name="verifyMainPagesDeeply" time="15.822"/>
  <testcase classname="com.vellinfotech.tests.VellInfoTechFullWebsiteDeepTest" name="verifyMainPagesDeeply" time="15.390"/>
  <testcase classname="com.vellinfotech.tests.VellInfoTechFullWebsiteDeepTest" name="verifyCourseDetailPagesDeeply" time="9.161"/>
  <testcase classname="com.vellinfotech.tests.VellInfoTechFullWebsiteDeepTest" name="verifyCourseDetailPagesDeeply" time="10.082"/>
  <testcase classname="com.vellinfotech.tests.VellInfoTechFullWebsiteDeepTest" name="verifyCourseDetailPagesDeeply" time="8.349"/>
  <testcase classname="com.vellinfotech.tests.VellInfoTechFullWebsiteDeepTest" name="verifyContactFormInteraction" time="10.271"/>
  <testcase classname="com.vellinfotech.tests.VellInfoTechFullWebsiteDeepTest" name="verifyCareersApplyFlow" time="3.327"/>
  <testcase classname="com.vellinfotech.tests.VellInfoTechFullWebsiteDeepTest" name="verifyAllFormsThroughoutWebsite" time="63.763"/>
  <testcase classname="com.vellinfotech.tests.VellInfoTechFullWebsiteDeepTest" name="verifyImportantButtonsAndCTAClicks" time="52.178"/>
  <testcase classname="com.vellinfotech.tests.VellInfoTechFullWebsiteDeepTest" name="verifyOptionalLiveFormSubmission">
    <skipped/>
  </testcase> <!-- verifyOptionalLiveFormSubmission -->
</testsuite> <!-- com.vellinfotech.tests.VellInfoTechFullWebsiteDeepTest -->
