<?xml version="1.0" encoding="UTF-8"?>
<testng-results ignored="1" total="16" passed="15" failed="0" skipped="0">
  <reporter-output>
  </reporter-output>
  <suite started-at="2026-03-11T10:38:44 IST" name="Default suite" finished-at="2026-03-11T10:42:56 IST" duration-ms="251901">
    <groups>
    </groups>
    <test started-at="2026-03-11T10:38:44 IST" name="Default test" finished-at="2026-03-11T10:42:56 IST" duration-ms="251901">
      <class name="com.vellinfotech.tests.VellInfoTechFullWebsiteDeepTest">
        <test-method is-config="true" signature="setUp()[pri:0, instance:com.vellinfotech.tests.VellInfoTechFullWebsiteDeepTest@6c40365c]" started-at="2026-03-11T10:38:44 IST" name="setUp" finished-at="2026-03-11T10:38:48 IST" duration-ms="3981" status="PASS">
          <reporter-output>
          </reporter-output>
        </test-method> <!-- setUp -->
        <test-method signature="verifyMainPagesDeeply(java.lang.String,java.lang.String,java.lang.String,java.lang.String,java.lang.String)[pri:1, instance:com.vellinfotech.tests.VellInfoTechFullWebsiteDeepTest@6c40365c]" started-at="2026-03-11T10:38:48 IST" name="verifyMainPagesDeeply" description="TC-01 | Verify all main pages deeply" data-provider="mainPages" finished-at="2026-03-11T10:39:04 IST" duration-ms="15389" status="PASS">
          <params>
            <param index="0">
              <value>
                <![CDATA[Home]]>
              </value>
            </param>
            <param index="1">
              <value>
                <![CDATA[https://www.vellinfotech.com/]]>
              </value>
            </param>
            <param index="2">
              <value>
                <![CDATA[vell]]>
              </value>
            </param>
            <param index="3">
              <value>
                <![CDATA[vellinfotech]]>
              </value>
            </param>
            <param index="4">
              <value>
                <![CDATA[home]]>
              </value>
            </param>
          </params>
          <reporter-output>
          </reporter-output>
        </test-method> <!-- verifyMainPagesDeeply -->
        <test-method is-config="true" signature="afterEachTest(org.testng.ITestResult)[pri:0, instance:com.vellinfotech.tests.VellInfoTechFullWebsiteDeepTest@6c40365c]" started-at="2026-03-11T10:39:04 IST" name="afterEachTest" finished-at="2026-03-11T10:39:04 IST" duration-ms="4" status="PASS">
          <params>
            <param index="0">
              <value>
                <![CDATA[[TestResult name=verifyMainPagesDeeply status=SUCCESS method=VellInfoTechFullWebsiteDeepTest.verifyMainPagesDeeply(java.lang.String,java.lang.String,java.lang.String,java.lang.String,java.lang.String)[pri:1, instance:com.vellinfotech.tests.VellInfoTechFullWebsiteDeepTest@6c40365c] output={null}]]]>
              </value>
            </param>
          </params>
          <reporter-output>
          </reporter-output>
        </test-method> <!-- afterEachTest -->
        <test-method signature="verifyMainPagesDeeply(java.lang.String,java.lang.String,java.lang.String,java.lang.String,java.lang.String)[pri:1, instance:com.vellinfotech.tests.VellInfoTechFullWebsiteDeepTest@6c40365c]" started-at="2026-03-11T10:39:04 IST" name="verifyMainPagesDeeply" description="TC-01 | Verify all main pages deeply" data-provider="mainPages" finished-at="2026-03-11T10:39:12 IST" duration-ms="8222" status="PASS">
          <params>
            <param index="0">
              <value>
                <![CDATA[About]]>
              </value>
            </param>
            <param index="1">
              <value>
                <![CDATA[https://www.vellinfotech.com/about]]>
              </value>
            </param>
            <param index="2">
              <value>
                <![CDATA[about]]>
              </value>
            </param>
            <param index="3">
              <value>
                <![CDATA[about]]>
              </value>
            </param>
            <param index="4">
              <value>
                <![CDATA[about]]>
              </value>
            </param>
          </params>
          <reporter-output>
          </reporter-output>
        </test-method> <!-- verifyMainPagesDeeply -->
        <test-method is-config="true" signature="afterEachTest(org.testng.ITestResult)[pri:0, instance:com.vellinfotech.tests.VellInfoTechFullWebsiteDeepTest@6c40365c]" started-at="2026-03-11T10:39:12 IST" name="afterEachTest" finished-at="2026-03-11T10:39:12 IST" duration-ms="1" status="PASS">
          <params>
            <param index="0">
              <value>
                <![CDATA[[TestResult name=verifyMainPagesDeeply status=SUCCESS method=VellInfoTechFullWebsiteDeepTest.verifyMainPagesDeeply(java.lang.String,java.lang.String,java.lang.String,java.lang.String,java.lang.String)[pri:1, instance:com.vellinfotech.tests.VellInfoTechFullWebsiteDeepTest@6c40365c] output={null}]]]>
              </value>
            </param>
          </params>
          <reporter-output>
          </reporter-output>
        </test-method> <!-- afterEachTest -->
        <test-method signature="verifyMainPagesDeeply(java.lang.String,java.lang.String,java.lang.String,java.lang.String,java.lang.String)[pri:1, instance:com.vellinfotech.tests.VellInfoTechFullWebsiteDeepTest@6c40365c]" started-at="2026-03-11T10:39:12 IST" name="verifyMainPagesDeeply" description="TC-01 | Verify all main pages deeply" data-provider="mainPages" finished-at="2026-03-11T10:39:24 IST" duration-ms="11883" status="PASS">
          <params>
            <param index="0">
              <value>
                <![CDATA[Courses]]>
              </value>
            </param>
            <param index="1">
              <value>
                <![CDATA[https://www.vellinfotech.com/all-courses]]>
              </value>
            </param>
            <param index="2">
              <value>
                <![CDATA[course]]>
              </value>
            </param>
            <param index="3">
              <value>
                <![CDATA[course]]>
              </value>
            </param>
            <param index="4">
              <value>
                <![CDATA[courses]]>
              </value>
            </param>
          </params>
          <reporter-output>
          </reporter-output>
        </test-method> <!-- verifyMainPagesDeeply -->
        <test-method is-config="true" signature="afterEachTest(org.testng.ITestResult)[pri:0, instance:com.vellinfotech.tests.VellInfoTechFullWebsiteDeepTest@6c40365c]" started-at="2026-03-11T10:39:24 IST" name="afterEachTest" finished-at="2026-03-11T10:39:24 IST" duration-ms="1" status="PASS">
          <params>
            <param index="0">
              <value>
                <![CDATA[[TestResult name=verifyMainPagesDeeply status=SUCCESS method=VellInfoTechFullWebsiteDeepTest.verifyMainPagesDeeply(java.lang.String,java.lang.String,java.lang.String,java.lang.String,java.lang.String)[pri:1, instance:com.vellinfotech.tests.VellInfoTechFullWebsiteDeepTest@6c40365c] output={null}]]]>
              </value>
            </param>
          </params>
          <reporter-output>
          </reporter-output>
        </test-method> <!-- afterEachTest -->
        <test-method signature="verifyMainPagesDeeply(java.lang.String,java.lang.String,java.lang.String,java.lang.String,java.lang.String)[pri:1, instance:com.vellinfotech.tests.VellInfoTechFullWebsiteDeepTest@6c40365c]" started-at="2026-03-11T10:39:24 IST" name="verifyMainPagesDeeply" description="TC-01 | Verify all main pages deeply" data-provider="mainPages" finished-at="2026-03-11T10:39:40 IST" duration-ms="15821" status="PASS">
          <params>
            <param index="0">
              <value>
                <![CDATA[Careers]]>
              </value>
            </param>
            <param index="1">
              <value>
                <![CDATA[https://www.vellinfotech.com/careers]]>
              </value>
            </param>
            <param index="2">
              <value>
                <![CDATA[career]]>
              </value>
            </param>
            <param index="3">
              <value>
                <![CDATA[career]]>
              </value>
            </param>
            <param index="4">
              <value>
                <![CDATA[careers]]>
              </value>
            </param>
          </params>
          <reporter-output>
          </reporter-output>
        </test-method> <!-- verifyMainPagesDeeply -->
        <test-method is-config="true" signature="afterEachTest(org.testng.ITestResult)[pri:0, instance:com.vellinfotech.tests.VellInfoTechFullWebsiteDeepTest@6c40365c]" started-at="2026-03-11T10:39:40 IST" name="afterEachTest" finished-at="2026-03-11T10:39:40 IST" duration-ms="16" status="PASS">
          <params>
            <param index="0">
              <value>
                <![CDATA[[TestResult name=verifyMainPagesDeeply status=SUCCESS method=VellInfoTechFullWebsiteDeepTest.verifyMainPagesDeeply(java.lang.String,java.lang.String,java.lang.String,java.lang.String,java.lang.String)[pri:1, instance:com.vellinfotech.tests.VellInfoTechFullWebsiteDeepTest@6c40365c] output={null}]]]>
              </value>
            </param>
          </params>
          <reporter-output>
          </reporter-output>
        </test-method> <!-- afterEachTest -->
        <test-method signature="verifyMainPagesDeeply(java.lang.String,java.lang.String,java.lang.String,java.lang.String,java.lang.String)[pri:1, instance:com.vellinfotech.tests.VellInfoTechFullWebsiteDeepTest@6c40365c]" started-at="2026-03-11T10:39:40 IST" name="verifyMainPagesDeeply" description="TC-01 | Verify all main pages deeply" data-provider="mainPages" finished-at="2026-03-11T10:39:48 IST" duration-ms="8331" status="PASS">
          <params>
            <param index="0">
              <value>
                <![CDATA[Contact]]>
              </value>
            </param>
            <param index="1">
              <value>
                <![CDATA[https://www.vellinfotech.com/contact]]>
              </value>
            </param>
            <param index="2">
              <value>
                <![CDATA[contact]]>
              </value>
            </param>
            <param index="3">
              <value>
                <![CDATA[contact]]>
              </value>
            </param>
            <param index="4">
              <value>
                <![CDATA[contact]]>
              </value>
            </param>
          </params>
          <reporter-output>
          </reporter-output>
        </test-method> <!-- verifyMainPagesDeeply -->
        <test-method is-config="true" signature="afterEachTest(org.testng.ITestResult)[pri:0, instance:com.vellinfotech.tests.VellInfoTechFullWebsiteDeepTest@6c40365c]" started-at="2026-03-11T10:39:48 IST" name="afterEachTest" finished-at="2026-03-11T10:39:48 IST" duration-ms="1" status="PASS">
          <params>
            <param index="0">
              <value>
                <![CDATA[[TestResult name=verifyMainPagesDeeply status=SUCCESS method=VellInfoTechFullWebsiteDeepTest.verifyMainPagesDeeply(java.lang.String,java.lang.String,java.lang.String,java.lang.String,java.lang.String)[pri:1, instance:com.vellinfotech.tests.VellInfoTechFullWebsiteDeepTest@6c40365c] output={null}]]]>
              </value>
            </param>
          </params>
          <reporter-output>
          </reporter-output>
        </test-method> <!-- afterEachTest -->
        <test-method signature="verifyMainPagesDeeply(java.lang.String,java.lang.String,java.lang.String,java.lang.String,java.lang.String)[pri:1, instance:com.vellinfotech.tests.VellInfoTechFullWebsiteDeepTest@6c40365c]" started-at="2026-03-11T10:39:48 IST" name="verifyMainPagesDeeply" description="TC-01 | Verify all main pages deeply" data-provider="mainPages" finished-at="2026-03-11T10:39:57 IST" duration-ms="8864" status="PASS">
          <params>
            <param index="0">
              <value>
                <![CDATA[Internship]]>
              </value>
            </param>
            <param index="1">
              <value>
                <![CDATA[https://www.vellinfotech.com/internship]]>
              </value>
            </param>
            <param index="2">
              <value>
                <![CDATA[intern]]>
              </value>
            </param>
            <param index="3">
              <value>
                <![CDATA[intern]]>
              </value>
            </param>
            <param index="4">
              <value>
                <![CDATA[internship]]>
              </value>
            </param>
          </params>
          <reporter-output>
          </reporter-output>
        </test-method> <!-- verifyMainPagesDeeply -->
        <test-method is-config="true" signature="afterEachTest(org.testng.ITestResult)[pri:0, instance:com.vellinfotech.tests.VellInfoTechFullWebsiteDeepTest@6c40365c]" started-at="2026-03-11T10:39:57 IST" name="afterEachTest" finished-at="2026-03-11T10:39:57 IST" duration-ms="2" status="PASS">
          <params>
            <param index="0">
              <value>
                <![CDATA[[TestResult name=verifyMainPagesDeeply status=SUCCESS method=VellInfoTechFullWebsiteDeepTest.verifyMainPagesDeeply(java.lang.String,java.lang.String,java.lang.String,java.lang.String,java.lang.String)[pri:1, instance:com.vellinfotech.tests.VellInfoTechFullWebsiteDeepTest@6c40365c] output={null}]]]>
              </value>
            </param>
          </params>
          <reporter-output>
          </reporter-output>
        </test-method> <!-- afterEachTest -->
        <test-method signature="verifyMainPagesDeeply(java.lang.String,java.lang.String,java.lang.String,java.lang.String,java.lang.String)[pri:1, instance:com.vellinfotech.tests.VellInfoTechFullWebsiteDeepTest@6c40365c]" started-at="2026-03-11T10:39:57 IST" name="verifyMainPagesDeeply" description="TC-01 | Verify all main pages deeply" data-provider="mainPages" finished-at="2026-03-11T10:40:10 IST" duration-ms="12780" status="PASS">
          <params>
            <param index="0">
              <value>
                <![CDATA[Reviews]]>
              </value>
            </param>
            <param index="1">
              <value>
                <![CDATA[https://www.vellinfotech.com/reviews]]>
              </value>
            </param>
            <param index="2">
              <value>
                <![CDATA[review]]>
              </value>
            </param>
            <param index="3">
              <value>
                <![CDATA[review]]>
              </value>
            </param>
            <param index="4">
              <value>
                <![CDATA[reviews]]>
              </value>
            </param>
          </params>
          <reporter-output>
          </reporter-output>
        </test-method> <!-- verifyMainPagesDeeply -->
        <test-method is-config="true" signature="afterEachTest(org.testng.ITestResult)[pri:0, instance:com.vellinfotech.tests.VellInfoTechFullWebsiteDeepTest@6c40365c]" started-at="2026-03-11T10:40:10 IST" name="afterEachTest" finished-at="2026-03-11T10:40:10 IST" duration-ms="1" status="PASS">
          <params>
            <param index="0">
              <value>
                <![CDATA[[TestResult name=verifyMainPagesDeeply status=SUCCESS method=VellInfoTechFullWebsiteDeepTest.verifyMainPagesDeeply(java.lang.String,java.lang.String,java.lang.String,java.lang.String,java.lang.String)[pri:1, instance:com.vellinfotech.tests.VellInfoTechFullWebsiteDeepTest@6c40365c] output={null}]]]>
              </value>
            </param>
          </params>
          <reporter-output>
          </reporter-output>
        </test-method> <!-- afterEachTest -->
        <test-method signature="verifyMainPagesDeeply(java.lang.String,java.lang.String,java.lang.String,java.lang.String,java.lang.String)[pri:1, instance:com.vellinfotech.tests.VellInfoTechFullWebsiteDeepTest@6c40365c]" started-at="2026-03-11T10:40:10 IST" name="verifyMainPagesDeeply" description="TC-01 | Verify all main pages deeply" data-provider="mainPages" finished-at="2026-03-11T10:40:18 IST" duration-ms="8529" status="PASS">
          <params>
            <param index="0">
              <value>
                <![CDATA[Blog]]>
              </value>
            </param>
            <param index="1">
              <value>
                <![CDATA[https://www.vellinfotech.com/blog]]>
              </value>
            </param>
            <param index="2">
              <value>
                <![CDATA[blog]]>
              </value>
            </param>
            <param index="3">
              <value>
                <![CDATA[blog]]>
              </value>
            </param>
            <param index="4">
              <value>
                <![CDATA[blog]]>
              </value>
            </param>
          </params>
          <reporter-output>
          </reporter-output>
        </test-method> <!-- verifyMainPagesDeeply -->
        <test-method is-config="true" signature="afterEachTest(org.testng.ITestResult)[pri:0, instance:com.vellinfotech.tests.VellInfoTechFullWebsiteDeepTest@6c40365c]" started-at="2026-03-11T10:40:18 IST" name="afterEachTest" finished-at="2026-03-11T10:40:18 IST" duration-ms="1" status="PASS">
          <params>
            <param index="0">
              <value>
                <![CDATA[[TestResult name=verifyMainPagesDeeply status=SUCCESS method=VellInfoTechFullWebsiteDeepTest.verifyMainPagesDeeply(java.lang.String,java.lang.String,java.lang.String,java.lang.String,java.lang.String)[pri:1, instance:com.vellinfotech.tests.VellInfoTechFullWebsiteDeepTest@6c40365c] output={null}]]]>
              </value>
            </param>
          </params>
          <reporter-output>
          </reporter-output>
        </test-method> <!-- afterEachTest -->
        <test-method signature="verifyCourseDetailPagesDeeply(java.lang.String,java.lang.String,java.lang.String,java.lang.String,java.lang.String)[pri:2, instance:com.vellinfotech.tests.VellInfoTechFullWebsiteDeepTest@6c40365c]" started-at="2026-03-11T10:40:18 IST" name="verifyCourseDetailPagesDeeply" description="TC-02 | Verify selected course detail pages deeply" data-provider="courseDetailPages" finished-at="2026-03-11T10:40:26 IST" duration-ms="8348" status="PASS">
          <params>
            <param index="0">
              <value>
                <![CDATA[Software Testing Program]]>
              </value>
            </param>
            <param index="1">
              <value>
                <![CDATA[https://www.vellinfotech.com/all-courses/software-testing-program]]>
              </value>
            </param>
            <param index="2">
              <value>
                <![CDATA[software]]>
              </value>
            </param>
            <param index="3">
              <value>
                <![CDATA[all-courses]]>
              </value>
            </param>
            <param index="4">
              <value>
                <![CDATA[course-detail]]>
              </value>
            </param>
          </params>
          <reporter-output>
          </reporter-output>
        </test-method> <!-- verifyCourseDetailPagesDeeply -->
        <test-method is-config="true" signature="afterEachTest(org.testng.ITestResult)[pri:0, instance:com.vellinfotech.tests.VellInfoTechFullWebsiteDeepTest@6c40365c]" started-at="2026-03-11T10:40:26 IST" name="afterEachTest" finished-at="2026-03-11T10:40:26 IST" duration-ms="2" status="PASS">
          <params>
            <param index="0">
              <value>
                <![CDATA[[TestResult name=verifyCourseDetailPagesDeeply status=SUCCESS method=VellInfoTechFullWebsiteDeepTest.verifyCourseDetailPagesDeeply(java.lang.String,java.lang.String,java.lang.String,java.lang.String,java.lang.String)[pri:2, instance:com.vellinfotech.tests.VellInfoTechFullWebsiteDeepTest@6c40365c] output={null}]]]>
              </value>
            </param>
          </params>
          <reporter-output>
          </reporter-output>
        </test-method> <!-- afterEachTest -->
        <test-method signature="verifyCourseDetailPagesDeeply(java.lang.String,java.lang.String,java.lang.String,java.lang.String,java.lang.String)[pri:2, instance:com.vellinfotech.tests.VellInfoTechFullWebsiteDeepTest@6c40365c]" started-at="2026-03-11T10:40:26 IST" name="verifyCourseDetailPagesDeeply" description="TC-02 | Verify selected course detail pages deeply" data-provider="courseDetailPages" finished-at="2026-03-11T10:40:36 IST" duration-ms="9159" status="PASS">
          <params>
            <param index="0">
              <value>
                <![CDATA[DevOps Training Program]]>
              </value>
            </param>
            <param index="1">
              <value>
                <![CDATA[https://www.vellinfotech.com/all-courses/devops-training-program]]>
              </value>
            </param>
            <param index="2">
              <value>
                <![CDATA[devops]]>
              </value>
            </param>
            <param index="3">
              <value>
                <![CDATA[all-courses]]>
              </value>
            </param>
            <param index="4">
              <value>
                <![CDATA[course-detail]]>
              </value>
            </param>
          </params>
          <reporter-output>
          </reporter-output>
        </test-method> <!-- verifyCourseDetailPagesDeeply -->
        <test-method is-config="true" signature="afterEachTest(org.testng.ITestResult)[pri:0, instance:com.vellinfotech.tests.VellInfoTechFullWebsiteDeepTest@6c40365c]" started-at="2026-03-11T10:40:36 IST" name="afterEachTest" finished-at="2026-03-11T10:40:36 IST" duration-ms="2" status="PASS">
          <params>
            <param index="0">
              <value>
                <![CDATA[[TestResult name=verifyCourseDetailPagesDeeply status=SUCCESS method=VellInfoTechFullWebsiteDeepTest.verifyCourseDetailPagesDeeply(java.lang.String,java.lang.String,java.lang.String,java.lang.String,java.lang.String)[pri:2, instance:com.vellinfotech.tests.VellInfoTechFullWebsiteDeepTest@6c40365c] output={null}]]]>
              </value>
            </param>
          </params>
          <reporter-output>
          </reporter-output>
        </test-method> <!-- afterEachTest -->
        <test-method signature="verifyCourseDetailPagesDeeply(java.lang.String,java.lang.String,java.lang.String,java.lang.String,java.lang.String)[pri:2, instance:com.vellinfotech.tests.VellInfoTechFullWebsiteDeepTest@6c40365c]" started-at="2026-03-11T10:40:36 IST" name="verifyCourseDetailPagesDeeply" description="TC-02 | Verify selected course detail pages deeply" data-provider="courseDetailPages" finished-at="2026-03-11T10:40:46 IST" duration-ms="10081" status="PASS">
          <params>
            <param index="0">
              <value>
                <![CDATA[SQL Developer Course]]>
              </value>
            </param>
            <param index="1">
              <value>
                <![CDATA[https://www.vellinfotech.com/all-courses/sql-developer-course]]>
              </value>
            </param>
            <param index="2">
              <value>
                <![CDATA[sql]]>
              </value>
            </param>
            <param index="3">
              <value>
                <![CDATA[all-courses]]>
              </value>
            </param>
            <param index="4">
              <value>
                <![CDATA[course-detail]]>
              </value>
            </param>
          </params>
          <reporter-output>
          </reporter-output>
        </test-method> <!-- verifyCourseDetailPagesDeeply -->
        <test-method is-config="true" signature="afterEachTest(org.testng.ITestResult)[pri:0, instance:com.vellinfotech.tests.VellInfoTechFullWebsiteDeepTest@6c40365c]" started-at="2026-03-11T10:40:46 IST" name="afterEachTest" finished-at="2026-03-11T10:40:46 IST" duration-ms="1" status="PASS">
          <params>
            <param index="0">
              <value>
                <![CDATA[[TestResult name=verifyCourseDetailPagesDeeply status=SUCCESS method=VellInfoTechFullWebsiteDeepTest.verifyCourseDetailPagesDeeply(java.lang.String,java.lang.String,java.lang.String,java.lang.String,java.lang.String)[pri:2, instance:com.vellinfotech.tests.VellInfoTechFullWebsiteDeepTest@6c40365c] output={null}]]]>
              </value>
            </param>
          </params>
          <reporter-output>
          </reporter-output>
        </test-method> <!-- afterEachTest -->
        <test-method signature="verifyContactFormInteraction()[pri:3, instance:com.vellinfotech.tests.VellInfoTechFullWebsiteDeepTest@6c40365c]" started-at="2026-03-11T10:40:46 IST" name="verifyContactFormInteraction" description="TC-03 | Contact form — fill all fields and check negative validation" finished-at="2026-03-11T10:40:56 IST" duration-ms="10267" status="PASS">
          <reporter-output>
          </reporter-output>
        </test-method> <!-- verifyContactFormInteraction -->
        <test-method is-config="true" signature="afterEachTest(org.testng.ITestResult)[pri:0, instance:com.vellinfotech.tests.VellInfoTechFullWebsiteDeepTest@6c40365c]" started-at="2026-03-11T10:40:56 IST" name="afterEachTest" finished-at="2026-03-11T10:40:56 IST" duration-ms="1" status="PASS">
          <params>
            <param index="0">
              <value>
                <![CDATA[[TestResult name=verifyContactFormInteraction status=SUCCESS method=VellInfoTechFullWebsiteDeepTest.verifyContactFormInteraction()[pri:3, instance:com.vellinfotech.tests.VellInfoTechFullWebsiteDeepTest@6c40365c] output={null}]]]>
              </value>
            </param>
          </params>
          <reporter-output>
          </reporter-output>
        </test-method> <!-- afterEachTest -->
        <test-method signature="verifyCareersApplyFlow()[pri:4, instance:com.vellinfotech.tests.VellInfoTechFullWebsiteDeepTest@6c40365c]" started-at="2026-03-11T10:40:56 IST" name="verifyCareersApplyFlow" description="TC-04 | Careers page — apply flow and form validation" finished-at="2026-03-11T10:40:59 IST" duration-ms="3325" status="PASS">
          <reporter-output>
          </reporter-output>
        </test-method> <!-- verifyCareersApplyFlow -->
        <test-method is-config="true" signature="afterEachTest(org.testng.ITestResult)[pri:0, instance:com.vellinfotech.tests.VellInfoTechFullWebsiteDeepTest@6c40365c]" started-at="2026-03-11T10:40:59 IST" name="afterEachTest" finished-at="2026-03-11T10:40:59 IST" duration-ms="1" status="PASS">
          <params>
            <param index="0">
              <value>
                <![CDATA[[TestResult name=verifyCareersApplyFlow status=SUCCESS method=VellInfoTechFullWebsiteDeepTest.verifyCareersApplyFlow()[pri:4, instance:com.vellinfotech.tests.VellInfoTechFullWebsiteDeepTest@6c40365c] output={null}]]]>
              </value>
            </param>
          </params>
          <reporter-output>
          </reporter-output>
        </test-method> <!-- afterEachTest -->
        <test-method signature="verifyAllFormsThroughoutWebsite()[pri:5, instance:com.vellinfotech.tests.VellInfoTechFullWebsiteDeepTest@6c40365c]" started-at="2026-03-11T10:40:59 IST" name="verifyAllFormsThroughoutWebsite" description="TC-05 | Discover every form — fill and validate" finished-at="2026-03-11T10:42:03 IST" duration-ms="63756" status="PASS">
          <reporter-output>
          </reporter-output>
        </test-method> <!-- verifyAllFormsThroughoutWebsite -->
        <test-method is-config="true" signature="afterEachTest(org.testng.ITestResult)[pri:0, instance:com.vellinfotech.tests.VellInfoTechFullWebsiteDeepTest@6c40365c]" started-at="2026-03-11T10:42:03 IST" name="afterEachTest" finished-at="2026-03-11T10:42:03 IST" duration-ms="2" status="PASS">
          <params>
            <param index="0">
              <value>
                <![CDATA[[TestResult name=verifyAllFormsThroughoutWebsite status=SUCCESS method=VellInfoTechFullWebsiteDeepTest.verifyAllFormsThroughoutWebsite()[pri:5, instance:com.vellinfotech.tests.VellInfoTechFullWebsiteDeepTest@6c40365c] output={null}]]]>
              </value>
            </param>
          </params>
          <reporter-output>
          </reporter-output>
        </test-method> <!-- afterEachTest -->
        <test-method signature="verifyImportantButtonsAndCTAClicks()[pri:6, instance:com.vellinfotech.tests.VellInfoTechFullWebsiteDeepTest@6c40365c]" started-at="2026-03-11T10:42:03 IST" name="verifyImportantButtonsAndCTAClicks" description="TC-06 | Click every important CTA button — verify effect" finished-at="2026-03-11T10:42:55 IST" duration-ms="52177" status="PASS">
          <reporter-output>
          </reporter-output>
        </test-method> <!-- verifyImportantButtonsAndCTAClicks -->
        <test-method is-config="true" signature="afterEachTest(org.testng.ITestResult)[pri:0, instance:com.vellinfotech.tests.VellInfoTechFullWebsiteDeepTest@6c40365c]" started-at="2026-03-11T10:42:55 IST" name="afterEachTest" finished-at="2026-03-11T10:42:55 IST" duration-ms="7" status="PASS">
          <params>
            <param index="0">
              <value>
                <![CDATA[[TestResult name=verifyImportantButtonsAndCTAClicks status=SUCCESS method=VellInfoTechFullWebsiteDeepTest.verifyImportantButtonsAndCTAClicks()[pri:6, instance:com.vellinfotech.tests.VellInfoTechFullWebsiteDeepTest@6c40365c] output={null}]]]>
              </value>
            </param>
          </params>
          <reporter-output>
          </reporter-output>
        </test-method> <!-- afterEachTest -->
        <test-method is-config="true" signature="tearDown()[pri:0, instance:com.vellinfotech.tests.VellInfoTechFullWebsiteDeepTest@6c40365c]" started-at="2026-03-11T10:42:55 IST" name="tearDown" finished-at="2026-03-11T10:42:56 IST" duration-ms="689" status="PASS">
          <reporter-output>
          </reporter-output>
        </test-method> <!-- tearDown -->
      </class> <!-- com.vellinfotech.tests.VellInfoTechFullWebsiteDeepTest -->
    </test> <!-- Default test -->
  </suite> <!-- Default suite -->
</testng-results>
